MPASM 5.66                           LED.ASM   4-11-2016  18:14:38         PAGE  1


LOC  OBJECT CODE     LINE SOURCE TEXT
  VALUE

Warning[205]: Found directive in column 1. (LIST)
                      00001 LIST        p=16F84A     ; Установка типа микроконтроллера
                      00002 #include <p16f84.inc>    
                      00001         LIST
                      00002 
                      00003 ;==========================================================================
                      00004 ; Build date : Feb 01 2016
                      00005 ;  MPASM PIC16F84 processor include
                      00006 ; 
                      00007 ;  (c) Copyright 1999-2016 Microchip Technology, All rights reserved
                      00008 ;==========================================================================
                      00009 
Message[301]: MESSAGE: (Processor-header file mismatch.  Verify selected processor.)
                      00207         LIST
Warning[205]: Found directive in column 1. (__CONFIG)
2007   3FF0           00003 __CONFIG _CP_OFF & _WDT_OFF & _LP_OSC & _PWRTE_ON
Warning[205]: Found directive in column 1. (cblock)
                      00004 cblock  10h  ; Блок РОН
  00000010            00005         R1
  00000011            00006         R2
Warning[205]: Found directive in column 1. (ENDC)
                      00007 endc
                      00008 
Warning[205]: Found directive in column 1. (org)
0000                  00009 org 0
0000   2818           00010         goto    Start
                      00011 
0001                  00012 Wait
0001   30F9           00013         movlw   0xF9
0002   0091           00014         movwf   R2
0003                  00015 WaitLoop
0003   0000           00016         nop
Message[305]: Using default destination of 1 (file).
0004   0B91           00017         decfsz  R2
0005   2803           00018         goto    WaitLoop
0006   0008           00019         return
                      00020 
0007                  00021 Output
0007   1810           00022         btfsc   R1, 0
0008   1486           00023         bsf     PORTB, RB1
0009   1890           00024         btfsc   R1, 1
000A   1506           00025         bsf     PORTB, RB2
000B   1910           00026         btfsc   R1, 2
000C   1485           00027         bsf     PORTA, RA1
000D   1990           00028         btfsc   R1, 3
000E   1405           00029         bsf     PORTA, RA0
                      00030         
000F   1C10           00031         btfss   R1, 0
0010   1086           00032         bcf     PORTB, RB1
0011   1C90           00033         btfss   R1, 1
0012   1106           00034         bcf     PORTB, RB2
0013   1D10           00035         btfss   R1, 2
0014   1085           00036         bcf     PORTA, RA1
MPASM 5.66                           LED.ASM   4-11-2016  18:14:38         PAGE  2


LOC  OBJECT CODE     LINE SOURCE TEXT
  VALUE

0015   1D90           00037         btfss   R1, 3
0016   1005           00038         bcf     PORTA, RA0
0017   0008           00039         return
                      00040 
0018                  00041 Start
0018   1683           00042         bsf     STATUS, RP0
0019   0103           00043         clrw
Message[302]: Register in operand not in bank 0.  Ensure that bank bits are correct.
001A   0085           00044         movwf   TRISA    ; Очистка регистров TRISA и TRISB (устанавливает 
                            порты для работы на Output)
Message[302]: Register in operand not in bank 0.  Ensure that bank bits are correct.
001B   0086           00045         movwf   TRISB
Message[302]: Register in operand not in bank 0.  Ensure that bank bits are correct.
001C   1406           00046         bsf     TRISB, RB0
001D   1283           00047         bcf     STATUS, RP0
001E   0085           00048         movwf   PORTA
001F   0086           00049         movwf   PORTB
0020   0190           00050         clrf    R1
0021                  00051 Loop
0021   1C06           00052         btfss   PORTB, RB0
0022   2826           00053         goto    Button_pushed
0023   1686           00054         bsf     PORTB, RB5
0024   0190           00055         clrf    R1
0025   2821           00056         goto    Loop
                      00057         
0026                  00058 Button_pushed
0026   1286           00059         bcf     PORTB, RB5
0027   2007           00060         call    Output
Message[305]: Using default destination of 1 (file).
0028   0A90           00061         incf    R1
0029   0810           00062         movfw   R1
002A   3C0A           00063         sublw   0x0A
002B   1903           00064         btfsc   STATUS, Z
002C   0190           00065         clrf    R1
002D   2001           00066         call    Wait
002E   2821           00067         goto    Loop
Warning[205]: Found directive in column 1. (end)
                      00068 end
MPASM 5.66                           LED.ASM   4-11-2016  18:14:38         PAGE  3


SYMBOL TABLE
  LABEL                             VALUE 

Button_pushed                     00000026
C                                 00000000
DC                                00000001
EEADR                             00000009
EECON1                            00000088
EECON2                            00000089
EEDATA                            00000008
EEIE                              00000006
EEIF                              00000004
F                                 00000001
FSR                               00000004
GIE                               00000007
INDF                              00000000
INTCON                            0000000B
INTE                              00000004
INTEDG                            00000006
INTF                              00000001
IRP                               00000007
Loop                              00000021
NOT_PD                            00000003
NOT_RBPU                          00000007
NOT_TO                            00000004
OPTION_REG                        00000081
Output                            00000007
PCL                               00000002
PCLATH                            0000000A
PORTA                             00000005
PORTB                             00000006
PS0                               00000000
PS1                               00000001
PS2                               00000002
PSA                               00000003
R1                                00000010
R2                                00000011
RA0                               00000000
RA1                               00000001
RA2                               00000002
RA3                               00000003
RA4                               00000004
RB0                               00000000
RB1                               00000001
RB2                               00000002
RB3                               00000003
RB4                               00000004
RB5                               00000005
RB6                               00000006
RB7                               00000007
RBIE                              00000003
RBIF                              00000000
RD                                00000000
RP0                               00000005
RP1                               00000006
STATUS                            00000003
MPASM 5.66                           LED.ASM   4-11-2016  18:14:38         PAGE  4


SYMBOL TABLE
  LABEL                             VALUE 

Start                             00000018
T0CS                              00000005
T0IE                              00000005
T0IF                              00000002
T0SE                              00000004
TMR0                              00000001
TMR0IE                            00000005
TMR0IF                            00000002
TRISA                             00000085
TRISA0                            00000000
TRISA1                            00000001
TRISA2                            00000002
TRISA3                            00000003
TRISA4                            00000004
TRISB                             00000086
TRISB0                            00000000
TRISB1                            00000001
TRISB2                            00000002
TRISB3                            00000003
TRISB4                            00000004
TRISB5                            00000005
TRISB6                            00000006
TRISB7                            00000007
W                                 00000000
WR                                00000001
WREN                              00000002
WRERR                             00000003
Wait                              00000001
WaitLoop                          00000003
Z                                 00000002
_CONFIG                           00002007
_CP_OFF                           00003FFF
_CP_ON                            0000000F
_FOSC_EXTRC                       00003FFF
_FOSC_HS                          00003FFE
_FOSC_LP                          00003FFC
_FOSC_XT                          00003FFD
_HS_OSC                           00003FFE
_IDLOC0                           00002000
_IDLOC1                           00002001
_IDLOC2                           00002002
_IDLOC3                           00002003
_LP_OSC                           00003FFC
_PWRTE_OFF                        00003FFF
_PWRTE_ON                         00003FF7
_RC_OSC                           00003FFF
_WDTE_OFF                         00003FFB
_WDTE_ON                          00003FFF
_WDT_OFF                          00003FFB
_WDT_ON                           00003FFF
_XT_OSC                           00003FFD
__16F84A                          00000001
__DEBUG                           
MPASM 5.66                           LED.ASM   4-11-2016  18:14:38         PAGE  5


MEMORY USAGE MAP ('X' = Used,  '-' = Unused)


0000 : XXXXXXXXXXXXXXXX XXXXXXXXXXXXXXXX XXXXXXXXXXXXXXX- ----------------
2000 : -------X-------- ---------------- ---------------- ----------------

All other memory blocks unused.

Program Memory Words Used:    47
Program Memory Words Free:   977


Errors   :     0
Warnings :     6 reported,     0 suppressed
Messages :     6 reported,     0 suppressed

