Warning[205] D:\UNIVERSITY\POVS\POVS-2.X\FIB.ASM 1 : Found directive in column 1. (LIST)
Warning[205] D:\UNIVERSITY\POVS\POVS-2.X\FIB.ASM 4 : Found directive in column 1. (cblock)
Warning[205] D:\UNIVERSITY\POVS\POVS-2.X\FIB.ASM 9 : Found directive in column 1. (ENDC)
Warning[205] D:\UNIVERSITY\POVS\POVS-2.X\FIB.ASM 11 : Found directive in column 1. (org)
Warning[205] D:\UNIVERSITY\POVS\POVS-2.X\FIB.ASM 12 : Found directive in column 1. (de)
Warning[205] D:\UNIVERSITY\POVS\POVS-2.X\FIB.ASM 13 : Found directive in column 1. (org)
Warning[203] D:\UNIVERSITY\POVS\POVS-2.X\FIB.ASM 14 : Found opcode in column 1. (goto)
Message[302] D:\UNIVERSITY\POVS\POVS-2.X\FIB.ASM 18 : Register in operand not in bank 0.  Ensure that bank bits are correct.
Message[302] D:\UNIVERSITY\POVS\POVS-2.X\FIB.ASM 21 : Register in operand not in bank 0.  Ensure that bank bits are correct.
Message[302] D:\UNIVERSITY\POVS\POVS-2.X\FIB.ASM 23 : Register in operand not in bank 0.  Ensure that bank bits are correct.
Message[302] D:\UNIVERSITY\POVS\POVS-2.X\FIB.ASM 24 : Register in operand not in bank 0.  Ensure that bank bits are correct.
Message[302] D:\UNIVERSITY\POVS\POVS-2.X\FIB.ASM 25 : Register in operand not in bank 0.  Ensure that bank bits are correct.
Message[302] D:\UNIVERSITY\POVS\POVS-2.X\FIB.ASM 28 : Register in operand not in bank 0.  Ensure that bank bits are correct.
Warning[203] D:\UNIVERSITY\POVS\POVS-2.X\FIB.ASM 30 : Found opcode in column 1. (return)
Message[302] D:\UNIVERSITY\POVS\POVS-2.X\FIB.ASM 34 : Register in operand not in bank 0.  Ensure that bank bits are correct.
Warning[203] D:\UNIVERSITY\POVS\POVS-2.X\FIB.ASM 36 : Found opcode in column 1. (return)
Warning[203] D:\UNIVERSITY\POVS\POVS-2.X\FIB.ASM 39 : Found opcode in column 1. (movlw)
Warning[203] D:\UNIVERSITY\POVS\POVS-2.X\FIB.ASM 40 : Found opcode in column 1. (movwf)
Warning[203] D:\UNIVERSITY\POVS\POVS-2.X\FIB.ASM 41 : Found opcode in column 1. (call)
Warning[203] D:\UNIVERSITY\POVS\POVS-2.X\FIB.ASM 42 : Found opcode in column 1. (movf)
Warning[203] D:\UNIVERSITY\POVS\POVS-2.X\FIB.ASM 43 : Found opcode in column 1. (movwf)
Warning[203] D:\UNIVERSITY\POVS\POVS-2.X\FIB.ASM 44 : Found opcode in column 1. (movlw)
Warning[203] D:\UNIVERSITY\POVS\POVS-2.X\FIB.ASM 45 : Found opcode in column 1. (movwf)
Warning[203] D:\UNIVERSITY\POVS\POVS-2.X\FIB.ASM 46 : Found opcode in column 1. (movwf)
Warning[203] D:\UNIVERSITY\POVS\POVS-2.X\FIB.ASM 47 : Found opcode in column 1. (addlw)
Warning[203] D:\UNIVERSITY\POVS\POVS-2.X\FIB.ASM 48 : Found opcode in column 1. (movwf)
Warning[203] D:\UNIVERSITY\POVS\POVS-2.X\FIB.ASM 49 : Found opcode in column 1. (movwf)
Message[305] D:\UNIVERSITY\POVS\POVS-2.X\FIB.ASM 62 : Using default destination of 1 (file).
Warning[203] D:\UNIVERSITY\POVS\POVS-2.X\FIB.ASM 63 : Found opcode in column 1. (goto)
Warning[205] D:\UNIVERSITY\POVS\POVS-2.X\FIB.ASM 65 : Found directive in column 1. (end)
