# ELBREAD: Elaboration process.
# ELBREAD: Elaboration time 0.3 [s].
SetActiveLib -work
comp -include "$dsn\src\OneHot.vhd" 
# Warning: DAGGEN_0523: The source is compiled without the -dbg switch. Line breakpoints and assertion debug will not be available.
# File: c:\My_Designs\Accum\src\OneHot.vhd
# Compile Entity "OneHot"
# Compile Architecture "Beh" of Entity "OneHot"
# Compile success 0 Errors 0 Warnings  Analysis time :  79.0 [ms]
comp -include "$dsn\src\TestBench\onehot_TB.vhd" 
# Warning: DAGGEN_0523: The source is compiled without the -dbg switch. Line breakpoints and assertion debug will not be available.
# File: c:\My_Designs\Accum\src\TestBench\onehot_TB.vhd
# Compile Entity "onehot_tb"
# Compile Architecture "TB_ARCHITECTURE" of Entity "onehot_tb"
# Compile Configuration "TESTBENCH_FOR_onehot"
# Compile success 0 Errors 0 Warnings  Analysis time :  78.0 [ms]
asim +access +r TESTBENCH_FOR_onehot 
# ELBREAD: Elaboration process.
# ELBREAD: Elaboration time 0.0 [s].
# VSIM: Stack memory: 32MB
# VSIM: Retval memory: 32MB
# 
acom -O3 -e 100 -work Accum -2002  $dsn/src/DPATH.vhd $dsn/src/MRAM.vhd
# Warning: DAGGEN_0523: The source is compiled without the -dbg switch. Line breakpoints and assertion debug will not be available.
# File: c:\My_Designs\Accum\src\DPATH.vhd
# Compile Entity "DPATH"
# Compile Architecture "Beh" of Entity "DPATH"
# Error: COMP96_0329: DPATH.vhd : (31, 2): Generate statement must have a label.
# Error: COMP96_0019: DPATH.vhd : (31, 19): Keyword 'generate' expected.
# Error: COMP96_0015: DPATH.vhd : (33, 6): ';' expected.
# Error: COMP96_0016: DPATH.vhd : (33, 10): Design unit declaration expected.
# File: c:\My_Designs\Accum\src\MRAM.vhd
# Compile Entity "MRAM"
# Compile Architecture "Beh" of Entity "MRAM"
# Compile failure 4 Errors 0 Warnings  Analysis time :  63.0 [ms]
# ELBREAD: Elaboration process.
# ELBREAD: Elaboration time 0.0 [s].
# KERNEL: Main thread initiated.
# KERNEL: Kernel process initialization phase.
# KERNEL: Time resolution set to 1ps.
# ELAB2: Elaboration final pass...
# ELAB2: Create instances ...
# ELAB2: Create instances complete.
# SLP: Started
# SLP: Elaboration phase ...
# SLP: Elaboration phase ... skipped, nothing to simulate in SLP mode : 0.0 [s]
# SLP: Finished : 0.0 [s]
# ELAB2: Elaboration final pass complete - time: 0.0 [s].
# KERNEL: Warning: You are using the Active-HDL Student Edition. The performance of simulation is running at a reduced rate.
# KERNEL: Warning: Contact Aldec for available upgrade options - sales@aldec.com.
# KERNEL: Kernel process initialization done.
# Allocation: Simulator allocated 7209 kB (elbread=1280 elab2=5791 kernel=138 sdf=0)
# KERNEL: ASDB file was created in location c:\My_Designs\Accum\src\wave.asdb
#  15:05, 10 апреля 2018 г.
#  Simulation has been initialized
# Error: DO_001 in file c:\My_Designs\Accum\src\TestBench\onehot_TB_runtest.do line 4
# Error: Cannot run c:\My_Designs\Accum\src\TestBench\onehot_TB_runtest.do
acom -O3 -e 100 -work Accum -2002  $dsn/src/DPATH.vhd
# Warning: DAGGEN_0523: The source is compiled without the -dbg switch. Line breakpoints and assertion debug will not be available.
# File: c:\My_Designs\Accum\src\DPATH.vhd
# Compile Entity "DPATH"
# Compile Architecture "Beh" of Entity "DPATH"
# Compile success 0 Errors 0 Warnings  Analysis time :  62.0 [ms]
SetActiveLib -work
comp -include "$dsn\src\OneHot.vhd" 
# Warning: DAGGEN_0523: The source is compiled without the -dbg switch. Line breakpoints and assertion debug will not be available.
# File: c:\My_Designs\Accum\src\OneHot.vhd
# Compile Entity "OneHot"
# Compile Architecture "Beh" of Entity "OneHot"
# Compile success 0 Errors 0 Warnings  Analysis time :  16.0 [ms]
comp -include "$dsn\src\TestBench\onehot_TB.vhd" 
# Warning: DAGGEN_0523: The source is compiled without the -dbg switch. Line breakpoints and assertion debug will not be available.
# File: c:\My_Designs\Accum\src\TestBench\onehot_TB.vhd
# Compile Entity "onehot_tb"
# Compile Architecture "TB_ARCHITECTURE" of Entity "onehot_tb"
# Compile Configuration "TESTBENCH_FOR_onehot"
# Compile success 0 Errors 0 Warnings  Analysis time :  31.0 [ms]
asim +access +r TESTBENCH_FOR_onehot 
# VSIM: Simulation has finished.
# ELBREAD: Elaboration process.
# ELBREAD: Elaboration time 0.0 [s].
# VSIM: Stack memory: 32MB
# VSIM: Retval memory: 32MB
# 
# KERNEL: Main thread initiated.
# KERNEL: Kernel process initialization phase.
# KERNEL: Time resolution set to 1ps.
# ELAB2: Elaboration final pass...
# ELAB2: Create instances ...
# ELAB2: Create instances complete.
# SLP: Started
# SLP: Elaboration phase ...
# SLP: Elaboration phase ... skipped, nothing to simulate in SLP mode : 0.0 [s]
# SLP: Finished : 0.0 [s]
# ELAB2: Elaboration final pass complete - time: 0.4 [s].
# KERNEL: Warning: You are using the Active-HDL Student Edition. The performance of simulation is running at a reduced rate.
# KERNEL: Warning: Contact Aldec for available upgrade options - sales@aldec.com.
# KERNEL: Kernel process initialization done.
# Allocation: Simulator allocated 7209 kB (elbread=1280 elab2=5791 kernel=138 sdf=0)
# KERNEL: ASDB file was created in location c:\My_Designs\Accum\src\wave.asdb
#  15:08, 10 апреля 2018 г.
#  Simulation has been initialized
wave 
wave -noreg CLK
wave -noreg RST
wave -noreg Start
wave -noreg Stop
# 4 signal(s) traced.
# Waveform file 'untitled.awc' connected to 'c:/My_Designs/Accum/src/wave.asdb'.
run 100 ns
# KERNEL: WARNING: CONV_INTEGER: There is an 'U'|'X'|'W'|'Z'|'-' in an arithmetic operand, and it has been converted to 0.
# KERNEL: Time: 0 ps,  Iteration: 0,  Instance: /onehot_tb/UUT/UMRAM,  Process: line__59.
# KERNEL: WARNING: CONV_INTEGER: There is an 'U'|'X'|'W'|'Z'|'-' in an arithmetic operand, and it has been converted to 0.
# KERNEL: Time: 0 ps,  Iteration: 0,  Instance: /onehot_tb/UUT/UMROM,  Process: line__56.
# KERNEL: WARNING: CONV_INTEGER: There is an 'U'|'X'|'W'|'Z'|'-' in an arithmetic operand, and it has been converted to 0.
# KERNEL: Time: 0 ps,  Iteration: 0,  Instance: /onehot_tb/UUT/UDPATH,  Process: line__28.
# KERNEL: WARNING: CONV_INTEGER: There is an 'U'|'X'|'W'|'Z'|'-' in an arithmetic operand, and it has been converted to 0.
# KERNEL: Time: 0 ps,  Iteration: 0,  Instance: /onehot_tb/UUT/UDPATH,  Process: line__28.
# KERNEL: WARNING: CONV_INTEGER: There is an 'U'|'X'|'W'|'Z'|'-' in an arithmetic operand, and it has been converted to 0.
# KERNEL: Time: 0 ps,  Iteration: 0,  Instance: /onehot_tb/UUT/UDPATH,  Process: line__29.
# KERNEL: WARNING: CONV_INTEGER: There is an 'U'|'X'|'W'|'Z'|'-' in an arithmetic operand, and it has been converted to 0.
# KERNEL: Time: 0 ps,  Iteration: 0,  Instance: /onehot_tb/UUT/UDPATH,  Process: line__29.
# KERNEL: WARNING: There is an 'U'|'X'|'W'|'Z'|'-' in an arithmetic operand, the result will be 'X'(es).
# KERNEL: Time: 0 ps,  Iteration: 0,  Instance: /onehot_tb/UUT/UDPATH,  Process: FLAGS.
# RUNTIME: Fatal Error: RUNTIME_0047 DPATH.vhd (57): Index 16 out of range (15 downto 0).
# KERNEL: Time: 0 ps,  Iteration: 0,  Instance: /onehot_tb/UUT/UDPATH,  Process: GRAY.
# KERNEL: Stopped at time 0 ps + 0.
# VSIM: Error: Fatal error occurred during simulation.
SetActiveLib -work
comp -include "$dsn\src\OneHot.vhd" 
# Warning: DAGGEN_0523: The source is compiled without the -dbg switch. Line breakpoints and assertion debug will not be available.
# File: c:\My_Designs\Accum\src\OneHot.vhd
# Compile Entity "OneHot"
# Compile Architecture "Beh" of Entity "OneHot"
# Compile success 0 Errors 0 Warnings  Analysis time :  15.0 [ms]
comp -include "$dsn\src\TestBench\onehot_TB.vhd" 
# Warning: DAGGEN_0523: The source is compiled without the -dbg switch. Line breakpoints and assertion debug will not be available.
# File: c:\My_Designs\Accum\src\TestBench\onehot_TB.vhd
# Compile Entity "onehot_tb"
# Compile Architecture "TB_ARCHITECTURE" of Entity "onehot_tb"
# Compile Configuration "TESTBENCH_FOR_onehot"
# Compile success 0 Errors 0 Warnings  Analysis time :  31.0 [ms]
asim +access +r TESTBENCH_FOR_onehot 
# VSIM: Simulation has finished.
# ELBREAD: Elaboration process.
# ELBREAD: Elaboration time 0.0 [s].
# VSIM: Stack memory: 32MB
# VSIM: Retval memory: 32MB
# 
acom -O3 -e 100 -work Accum -2002  $dsn/src/DPATH.vhd
# Warning: DAGGEN_0523: The source is compiled without the -dbg switch. Line breakpoints and assertion debug will not be available.
# File: c:\My_Designs\Accum\src\DPATH.vhd
# Compile Entity "DPATH"
# Compile Architecture "Beh" of Entity "DPATH"
# Compile success 0 Errors 0 Warnings  Analysis time :  16.0 [ms]
# ELBREAD: Elaboration process.
# ELBREAD: Elaboration time 0.0 [s].
# KERNEL: Main thread initiated.
# KERNEL: Kernel process initialization phase.
# KERNEL: Time resolution set to 1ps.
# ELAB2: Elaboration final pass...
# ELAB2: Create instances ...
# ELAB2: Create instances complete.
# SLP: Started
# SLP: Elaboration phase ...
# SLP: Elaboration phase ... skipped, nothing to simulate in SLP mode : 0.0 [s]
# SLP: Finished : 0.0 [s]
# ELAB2: Elaboration final pass complete - time: 0.0 [s].
# KERNEL: Warning: You are using the Active-HDL Student Edition. The performance of simulation is running at a reduced rate.
# KERNEL: Warning: Contact Aldec for available upgrade options - sales@aldec.com.
# KERNEL: Kernel process initialization done.
# Allocation: Simulator allocated 7210 kB (elbread=1280 elab2=5792 kernel=138 sdf=0)
# KERNEL: ASDB file was created in location c:\My_Designs\Accum\src\wave.asdb
#  15:09, 10 апреля 2018 г.
#  Simulation has been initialized
# Waveform file 'untitled.awc' connected to 'c:/My_Designs/Accum/src/wave.asdb'.
wave 
wave -noreg CLK
wave -noreg RST
wave -noreg Start
wave -noreg Stop
# KERNEL: Warning: KERNEL_0291 Signal '/onehot_tb/CLK' has already been traced.
# KERNEL: Warning: KERNEL_0291 Signal '/onehot_tb/RST' has already been traced.
# KERNEL: Warning: KERNEL_0291 Signal '/onehot_tb/Start' has already been traced.
# KERNEL: Warning: KERNEL_0291 Signal '/onehot_tb/Stop' has already been traced.
# 0 signal(s) traced.
# Waveform file 'untitled.awc' connected to 'c:/My_Designs/Accum/src/wave.asdb'.
run 100 ns
# KERNEL: WARNING: CONV_INTEGER: There is an 'U'|'X'|'W'|'Z'|'-' in an arithmetic operand, and it has been converted to 0.
# KERNEL: Time: 0 ps,  Iteration: 0,  Instance: /onehot_tb/UUT/UMRAM,  Process: line__59.
# KERNEL: WARNING: CONV_INTEGER: There is an 'U'|'X'|'W'|'Z'|'-' in an arithmetic operand, and it has been converted to 0.
# KERNEL: Time: 0 ps,  Iteration: 0,  Instance: /onehot_tb/UUT/UMROM,  Process: line__56.
# KERNEL: WARNING: CONV_INTEGER: There is an 'U'|'X'|'W'|'Z'|'-' in an arithmetic operand, and it has been converted to 0.
# KERNEL: Time: 0 ps,  Iteration: 0,  Instance: /onehot_tb/UUT/UDPATH,  Process: line__28.
# KERNEL: WARNING: CONV_INTEGER: There is an 'U'|'X'|'W'|'Z'|'-' in an arithmetic operand, and it has been converted to 0.
# KERNEL: Time: 0 ps,  Iteration: 0,  Instance: /onehot_tb/UUT/UDPATH,  Process: line__28.
# KERNEL: WARNING: CONV_INTEGER: There is an 'U'|'X'|'W'|'Z'|'-' in an arithmetic operand, and it has been converted to 0.
# KERNEL: Time: 0 ps,  Iteration: 0,  Instance: /onehot_tb/UUT/UDPATH,  Process: line__29.
# KERNEL: WARNING: CONV_INTEGER: There is an 'U'|'X'|'W'|'Z'|'-' in an arithmetic operand, and it has been converted to 0.
# KERNEL: Time: 0 ps,  Iteration: 0,  Instance: /onehot_tb/UUT/UDPATH,  Process: line__29.
# KERNEL: WARNING: There is an 'U'|'X'|'W'|'Z'|'-' in an arithmetic operand, the result will be 'X'(es).
# KERNEL: Time: 0 ps,  Iteration: 0,  Instance: /onehot_tb/UUT/UDPATH,  Process: FLAGS.
# KERNEL: WARNING: CONV_INTEGER: There is an 'U'|'X'|'W'|'Z'|'-' in an arithmetic operand, and it has been converted to 0.
# KERNEL: Time: 35 ns,  Iteration: 4,  Instance: /onehot_tb/UUT/UDPATH,  Process: line__28.
# KERNEL: WARNING: CONV_INTEGER: There is an 'U'|'X'|'W'|'Z'|'-' in an arithmetic operand, and it has been converted to 0.
# KERNEL: Time: 35 ns,  Iteration: 4,  Instance: /onehot_tb/UUT/UDPATH,  Process: line__29.
# KERNEL: stopped at time: 100 ns
run 100 ns
# KERNEL: stopped at time: 200 ns
run 100 ns
# KERNEL: stopped at time: 300 ns
run 100 ns
# KERNEL: stopped at time: 400 ns
run 100 ns
# KERNEL: stopped at time: 500 ns
run 100 ns
# KERNEL: stopped at time: 600 ns
run 100 ns
# KERNEL: stopped at time: 700 ns
run 100 ns
# KERNEL: stopped at time: 800 ns
run 100 ns
# KERNEL: stopped at time: 900 ns
run 100 ns
# KERNEL: stopped at time: 1 us
run 100 ns
# KERNEL: stopped at time: 1100 ns
run 100 ns
# KERNEL: stopped at time: 1200 ns
run 100 ns
# KERNEL: stopped at time: 1300 ns
run 100 ns
# KERNEL: stopped at time: 1400 ns
run 100 ns
# KERNEL: stopped at time: 1500 ns
SetActiveLib -work
comp -include "$dsn\src\OneHot.vhd" 
# Warning: DAGGEN_0523: The source is compiled without the -dbg switch. Line breakpoints and assertion debug will not be available.
# File: c:\My_Designs\Accum\src\OneHot.vhd
# Compile Entity "OneHot"
# Compile Architecture "Beh" of Entity "OneHot"
# Compile success 0 Errors 0 Warnings  Analysis time :  16.0 [ms]
comp -include "$dsn\src\TestBench\onehot_TB.vhd" 
# Warning: DAGGEN_0523: The source is compiled without the -dbg switch. Line breakpoints and assertion debug will not be available.
# File: c:\My_Designs\Accum\src\TestBench\onehot_TB.vhd
# Compile Entity "onehot_tb"
# Compile Architecture "TB_ARCHITECTURE" of Entity "onehot_tb"
# Compile Configuration "TESTBENCH_FOR_onehot"
# Compile success 0 Errors 0 Warnings  Analysis time :  32.0 [ms]
asim +access +r TESTBENCH_FOR_onehot 
# VSIM: Simulation has finished.
# ELBREAD: Elaboration process.
# ELBREAD: Elaboration time 0.0 [s].
# VSIM: Stack memory: 32MB
# VSIM: Retval memory: 32MB
# 
acom -O3 -e 100 -work Accum -2002  $dsn/src/MROM.vhd
# Warning: DAGGEN_0523: The source is compiled without the -dbg switch. Line breakpoints and assertion debug will not be available.
# File: c:\My_Designs\Accum\src\MROM.vhd
# Compile Entity "MROM"
# Compile Architecture "Beh" of Entity "MROM"
# Compile success 0 Errors 0 Warnings  Analysis time :  15.0 [ms]
# ELBREAD: Elaboration process.
# ELBREAD: Elaboration time 0.0 [s].
# KERNEL: Main thread initiated.
# KERNEL: Kernel process initialization phase.
# KERNEL: Time resolution set to 1ps.
# ELAB2: Elaboration final pass...
# ELAB2: Create instances ...
# ELAB2: Create instances complete.
# SLP: Started
# SLP: Elaboration phase ...
# SLP: Elaboration phase ... skipped, nothing to simulate in SLP mode : 0.0 [s]
# SLP: Finished : 0.0 [s]
# ELAB2: Elaboration final pass complete - time: 0.0 [s].
# KERNEL: Warning: You are using the Active-HDL Student Edition. The performance of simulation is running at a reduced rate.
# KERNEL: Warning: Contact Aldec for available upgrade options - sales@aldec.com.
# KERNEL: Kernel process initialization done.
# Allocation: Simulator allocated 7210 kB (elbread=1280 elab2=5792 kernel=138 sdf=0)
# KERNEL: ASDB file was created in location c:\My_Designs\Accum\src\wave.asdb
#  15:12, 10 апреля 2018 г.
#  Simulation has been initialized
# Waveform file 'untitled.awc' connected to 'c:/My_Designs/Accum/src/wave.asdb'.
# Waveform file 'untitled.awc' connected to 'c:/My_Designs/Accum/src/wave.asdb'.
# KERNEL: Warning: KERNEL_0291 Signal '/onehot_tb/CLK' has already been traced.
# KERNEL: Warning: KERNEL_0291 Signal '/onehot_tb/RST' has already been traced.
# KERNEL: Warning: KERNEL_0291 Signal '/onehot_tb/Start' has already been traced.
# KERNEL: Warning: KERNEL_0291 Signal '/onehot_tb/Stop' has already been traced.
wave 
wave -noreg CLK
wave -noreg RST
wave -noreg Start
wave -noreg Stop
# KERNEL: Warning: KERNEL_0291 Signal '/onehot_tb/CLK' has already been traced.
# KERNEL: Warning: KERNEL_0291 Signal '/onehot_tb/RST' has already been traced.
# KERNEL: Warning: KERNEL_0291 Signal '/onehot_tb/Start' has already been traced.
# KERNEL: Warning: KERNEL_0291 Signal '/onehot_tb/Stop' has already been traced.
# 0 signal(s) traced.
# Waveform file 'untitled.awc' connected to 'c:/My_Designs/Accum/src/wave.asdb'.
run 1000 ns
# KERNEL: WARNING: CONV_INTEGER: There is an 'U'|'X'|'W'|'Z'|'-' in an arithmetic operand, and it has been converted to 0.
# KERNEL: Time: 0 ps,  Iteration: 0,  Instance: /onehot_tb/UUT/UMRAM,  Process: line__59.
# KERNEL: WARNING: CONV_INTEGER: There is an 'U'|'X'|'W'|'Z'|'-' in an arithmetic operand, and it has been converted to 0.
# KERNEL: Time: 0 ps,  Iteration: 0,  Instance: /onehot_tb/UUT/UMROM,  Process: line__56.
# KERNEL: WARNING: CONV_INTEGER: There is an 'U'|'X'|'W'|'Z'|'-' in an arithmetic operand, and it has been converted to 0.
# KERNEL: Time: 0 ps,  Iteration: 0,  Instance: /onehot_tb/UUT/UDPATH,  Process: line__28.
# KERNEL: WARNING: CONV_INTEGER: There is an 'U'|'X'|'W'|'Z'|'-' in an arithmetic operand, and it has been converted to 0.
# KERNEL: Time: 0 ps,  Iteration: 0,  Instance: /onehot_tb/UUT/UDPATH,  Process: line__28.
# KERNEL: WARNING: CONV_INTEGER: There is an 'U'|'X'|'W'|'Z'|'-' in an arithmetic operand, and it has been converted to 0.
# KERNEL: Time: 0 ps,  Iteration: 0,  Instance: /onehot_tb/UUT/UDPATH,  Process: line__29.
# KERNEL: WARNING: CONV_INTEGER: There is an 'U'|'X'|'W'|'Z'|'-' in an arithmetic operand, and it has been converted to 0.
# KERNEL: Time: 0 ps,  Iteration: 0,  Instance: /onehot_tb/UUT/UDPATH,  Process: line__29.
# KERNEL: WARNING: There is an 'U'|'X'|'W'|'Z'|'-' in an arithmetic operand, the result will be 'X'(es).
# KERNEL: Time: 0 ps,  Iteration: 0,  Instance: /onehot_tb/UUT/UDPATH,  Process: FLAGS.
# KERNEL: WARNING: CONV_INTEGER: There is an 'U'|'X'|'W'|'Z'|'-' in an arithmetic operand, and it has been converted to 0.
# KERNEL: Time: 35 ns,  Iteration: 4,  Instance: /onehot_tb/UUT/UDPATH,  Process: line__28.
# KERNEL: WARNING: CONV_INTEGER: There is an 'U'|'X'|'W'|'Z'|'-' in an arithmetic operand, and it has been converted to 0.
# KERNEL: Time: 35 ns,  Iteration: 4,  Instance: /onehot_tb/UUT/UDPATH,  Process: line__29.
# KERNEL: stopped at time: 1 us
run 1000 ns
# KERNEL: stopped at time: 2 us
SetActiveLib -work
comp -include "$dsn\src\OneHot.vhd" 
# Warning: DAGGEN_0523: The source is compiled without the -dbg switch. Line breakpoints and assertion debug will not be available.
# File: c:\My_Designs\Accum\src\OneHot.vhd
# Compile Entity "OneHot"
# Compile Architecture "Beh" of Entity "OneHot"
# Compile success 0 Errors 0 Warnings  Analysis time :  0.0 [ms]
comp -include "$dsn\src\TestBench\onehot_TB.vhd" 
# Warning: DAGGEN_0523: The source is compiled without the -dbg switch. Line breakpoints and assertion debug will not be available.
# File: c:\My_Designs\Accum\src\TestBench\onehot_TB.vhd
# Compile Entity "onehot_tb"
# Compile Architecture "TB_ARCHITECTURE" of Entity "onehot_tb"
# Compile Configuration "TESTBENCH_FOR_onehot"
# Compile success 0 Errors 0 Warnings  Analysis time :  15.0 [ms]
asim +access +r TESTBENCH_FOR_onehot 
# VSIM: Simulation has finished.
# ELBREAD: Elaboration process.
# ELBREAD: Elaboration time 0.0 [s].
# VSIM: Stack memory: 32MB
# VSIM: Retval memory: 32MB
# 
acom -O3 -e 100 -work Accum -2002  $dsn/src/DPATH.vhd $dsn/src/MROM.vhd
# Warning: DAGGEN_0523: The source is compiled without the -dbg switch. Line breakpoints and assertion debug will not be available.
# File: c:\My_Designs\Accum\src\DPATH.vhd
# Compile Entity "DPATH"
# Compile Architecture "Beh" of Entity "DPATH"
# File: c:\My_Designs\Accum\src\MROM.vhd
# Compile Entity "MROM"
# Compile Architecture "Beh" of Entity "MROM"
# Compile success 0 Errors 0 Warnings  Analysis time :  31.0 [ms]
# ELBREAD: Elaboration process.
# ELBREAD: Elaboration time 0.0 [s].
# KERNEL: Main thread initiated.
# KERNEL: Kernel process initialization phase.
# KERNEL: Time resolution set to 1ps.
# ELAB2: Elaboration final pass...
# ELAB2: Create instances ...
# ELAB2: Create instances complete.
# SLP: Started
# SLP: Elaboration phase ...
# SLP: Elaboration phase ... skipped, nothing to simulate in SLP mode : 0.0 [s]
# SLP: Finished : 0.0 [s]
# ELAB2: Elaboration final pass complete - time: 0.0 [s].
# KERNEL: Warning: You are using the Active-HDL Student Edition. The performance of simulation is running at a reduced rate.
# KERNEL: Warning: Contact Aldec for available upgrade options - sales@aldec.com.
# KERNEL: Kernel process initialization done.
# Allocation: Simulator allocated 7210 kB (elbread=1280 elab2=5792 kernel=138 sdf=0)
# KERNEL: ASDB file was created in location c:\My_Designs\Accum\src\wave.asdb
#  15:31, 10 апреля 2018 г.
#  Simulation has been initialized
# Waveform file 'untitled.awc' connected to 'c:/My_Designs/Accum/src/wave.asdb'.
# Waveform file 'untitled.awc' connected to 'c:/My_Designs/Accum/src/wave.asdb'.
# KERNEL: Warning: KERNEL_0291 Signal '/onehot_tb/CLK' has already been traced.
# KERNEL: Warning: KERNEL_0291 Signal '/onehot_tb/RST' has already been traced.
# KERNEL: Warning: KERNEL_0291 Signal '/onehot_tb/Start' has already been traced.
# KERNEL: Warning: KERNEL_0291 Signal '/onehot_tb/Stop' has already been traced.
# Waveform file 'untitled.awc' connected to 'c:/My_Designs/Accum/src/wave.asdb'.
# KERNEL: Warning: KERNEL_0291 Signal '/onehot_tb/CLK' has already been traced.
# KERNEL: Warning: KERNEL_0291 Signal '/onehot_tb/RST' has already been traced.
# KERNEL: Warning: KERNEL_0291 Signal '/onehot_tb/Start' has already been traced.
# KERNEL: Warning: KERNEL_0291 Signal '/onehot_tb/Stop' has already been traced.
wave 
wave -noreg CLK
wave -noreg RST
wave -noreg Start
wave -noreg Stop
# KERNEL: Warning: KERNEL_0291 Signal '/onehot_tb/CLK' has already been traced.
# KERNEL: Warning: KERNEL_0291 Signal '/onehot_tb/RST' has already been traced.
# KERNEL: Warning: KERNEL_0291 Signal '/onehot_tb/Start' has already been traced.
# KERNEL: Warning: KERNEL_0291 Signal '/onehot_tb/Stop' has already been traced.
# 0 signal(s) traced.
# Waveform file 'untitled.awc' connected to 'c:/My_Designs/Accum/src/wave.asdb'.
run 1000 ns
# KERNEL: WARNING: CONV_INTEGER: There is an 'U'|'X'|'W'|'Z'|'-' in an arithmetic operand, and it has been converted to 0.
# KERNEL: Time: 0 ps,  Iteration: 0,  Instance: /onehot_tb/UUT/UMRAM,  Process: line__59.
# KERNEL: WARNING: CONV_INTEGER: There is an 'U'|'X'|'W'|'Z'|'-' in an arithmetic operand, and it has been converted to 0.
# KERNEL: Time: 0 ps,  Iteration: 0,  Instance: /onehot_tb/UUT/UMROM,  Process: line__55.
# KERNEL: WARNING: CONV_INTEGER: There is an 'U'|'X'|'W'|'Z'|'-' in an arithmetic operand, and it has been converted to 0.
# KERNEL: Time: 0 ps,  Iteration: 0,  Instance: /onehot_tb/UUT/UDPATH,  Process: line__28.
# KERNEL: WARNING: CONV_INTEGER: There is an 'U'|'X'|'W'|'Z'|'-' in an arithmetic operand, and it has been converted to 0.
# KERNEL: Time: 0 ps,  Iteration: 0,  Instance: /onehot_tb/UUT/UDPATH,  Process: line__28.
# KERNEL: WARNING: CONV_INTEGER: There is an 'U'|'X'|'W'|'Z'|'-' in an arithmetic operand, and it has been converted to 0.
# KERNEL: Time: 0 ps,  Iteration: 0,  Instance: /onehot_tb/UUT/UDPATH,  Process: line__29.
# KERNEL: WARNING: CONV_INTEGER: There is an 'U'|'X'|'W'|'Z'|'-' in an arithmetic operand, and it has been converted to 0.
# KERNEL: Time: 0 ps,  Iteration: 0,  Instance: /onehot_tb/UUT/UDPATH,  Process: line__29.
# KERNEL: WARNING: There is an 'U'|'X'|'W'|'Z'|'-' in an arithmetic operand, the result will be 'X'(es).
# KERNEL: Time: 0 ps,  Iteration: 0,  Instance: /onehot_tb/UUT/UDPATH,  Process: FLAGS.
# KERNEL: WARNING: CONV_INTEGER: There is an 'U'|'X'|'W'|'Z'|'-' in an arithmetic operand, and it has been converted to 0.
# KERNEL: Time: 35 ns,  Iteration: 4,  Instance: /onehot_tb/UUT/UDPATH,  Process: line__28.
# KERNEL: WARNING: CONV_INTEGER: There is an 'U'|'X'|'W'|'Z'|'-' in an arithmetic operand, and it has been converted to 0.
# KERNEL: Time: 35 ns,  Iteration: 4,  Instance: /onehot_tb/UUT/UDPATH,  Process: line__29.
# KERNEL: stopped at time: 1 us
run 1000 ns
# KERNEL: stopped at time: 2 us
acom -O3 -e 100 -work Accum -2002  $dsn/src/Constants.vhd $dsn/src/CTRL1.vhd $dsn/src/DPATH.vhd $dsn/src/MRAM.vhd $dsn/src/MROM.vhd $dsn/src/OneHot.vhd $dsn/src/TestBench/dpath_TB.vhd $dsn/src/TestBench/mram_TB.vhd $dsn/src/TestBench/mrom_TB.vhd $dsn/src/TestBench/onehot_TB.vhd
# Warning: DAGGEN_0523: The source is compiled without the -dbg switch. Line breakpoints and assertion debug will not be available.
# File: c:\My_Designs\Accum\src\Constants.vhd
# Compile Package "OneHotAccum"
# File: c:\My_Designs\Accum\src\CTRL1.vhd
# Compile Entity "CTRL1"
# Compile Architecture "Beh" of Entity "CTRL1"
# File: c:\My_Designs\Accum\src\DPATH.vhd
# Compile Entity "DPATH"
# Compile Architecture "Beh" of Entity "DPATH"
# File: c:\My_Designs\Accum\src\MRAM.vhd
# Compile Entity "MRAM"
# Compile Architecture "Beh" of Entity "MRAM"
# File: c:\My_Designs\Accum\src\MROM.vhd
# Compile Entity "MROM"
# Compile Architecture "Beh" of Entity "MROM"
# File: c:\My_Designs\Accum\src\OneHot.vhd
# Compile Entity "OneHot"
# Compile Architecture "Beh" of Entity "OneHot"
# File: c:\My_Designs\Accum\src\TestBench\dpath_TB.vhd
# Compile Entity "dpath_tb"
# Compile Architecture "TB_ARCHITECTURE" of Entity "dpath_tb"
# Compile Configuration "TESTBENCH_FOR_dpath"
# File: c:\My_Designs\Accum\src\TestBench\mram_TB.vhd
# Compile Entity "mram_tb"
# Compile Architecture "TB_ARCHITECTURE" of Entity "mram_tb"
# Compile Configuration "TESTBENCH_FOR_mram"
# File: c:\My_Designs\Accum\src\TestBench\mrom_TB.vhd
# Compile Entity "mrom_tb"
# Compile Architecture "TB_ARCHITECTURE" of Entity "mrom_tb"
# Compile Configuration "TESTBENCH_FOR_mrom"
# File: c:\My_Designs\Accum\src\TestBench\onehot_TB.vhd
# Compile Entity "onehot_tb"
# Compile Architecture "TB_ARCHITECTURE" of Entity "onehot_tb"
# Compile Configuration "TESTBENCH_FOR_onehot"
# Compile success 0 Errors 0 Warnings  Analysis time :  94.0 [ms]
SetActiveLib -work
comp -include "$dsn\src\OneHot.vhd" 
# Warning: DAGGEN_0523: The source is compiled without the -dbg switch. Line breakpoints and assertion debug will not be available.
# File: c:\My_Designs\Accum\src\OneHot.vhd
# Compile Entity "OneHot"
# Compile Architecture "Beh" of Entity "OneHot"
# Compile success 0 Errors 0 Warnings  Analysis time :  16.0 [ms]
comp -include "$dsn\src\TestBench\onehot_TB.vhd" 
# Warning: DAGGEN_0523: The source is compiled without the -dbg switch. Line breakpoints and assertion debug will not be available.
# File: c:\My_Designs\Accum\src\TestBench\onehot_TB.vhd
# Compile Entity "onehot_tb"
# Compile Architecture "TB_ARCHITECTURE" of Entity "onehot_tb"
# Compile Configuration "TESTBENCH_FOR_onehot"
# Compile success 0 Errors 0 Warnings  Analysis time :  15.0 [ms]
asim +access +r TESTBENCH_FOR_onehot 
# VSIM: Simulation has finished.
# ELBREAD: Elaboration process.
# ELBREAD: Elaboration time 0.0 [s].
# VSIM: Stack memory: 32MB
# VSIM: Retval memory: 32MB
# 
# KERNEL: Main thread initiated.
# KERNEL: Kernel process initialization phase.
# KERNEL: Time resolution set to 1ps.
# ELAB2: Elaboration final pass...
# ELAB2: Create instances ...
# ELAB2: Create instances complete.
# SLP: Started
# SLP: Elaboration phase ...
# SLP: Elaboration phase ... skipped, nothing to simulate in SLP mode : 0.0 [s]
# SLP: Finished : 0.0 [s]
# ELAB2: Elaboration final pass complete - time: 0.2 [s].
# KERNEL: Warning: You are using the Active-HDL Student Edition. The performance of simulation is running at a reduced rate.
# KERNEL: Warning: Contact Aldec for available upgrade options - sales@aldec.com.
# KERNEL: Kernel process initialization done.
# Allocation: Simulator allocated 7210 kB (elbread=1280 elab2=5792 kernel=138 sdf=0)
# KERNEL: ASDB file was created in location c:\My_Designs\Accum\src\wave.asdb
#  15:34, 10 апреля 2018 г.
#  Simulation has been initialized
# Waveform file 'untitled.awc' connected to 'c:/My_Designs/Accum/src/wave.asdb'.
# Waveform file 'untitled.awc' connected to 'c:/My_Designs/Accum/src/wave.asdb'.
# KERNEL: Warning: KERNEL_0291 Signal '/onehot_tb/CLK' has already been traced.
# KERNEL: Warning: KERNEL_0291 Signal '/onehot_tb/RST' has already been traced.
# KERNEL: Warning: KERNEL_0291 Signal '/onehot_tb/Start' has already been traced.
# KERNEL: Warning: KERNEL_0291 Signal '/onehot_tb/Stop' has already been traced.
# Waveform file 'untitled.awc' connected to 'c:/My_Designs/Accum/src/wave.asdb'.
# KERNEL: Warning: KERNEL_0291 Signal '/onehot_tb/CLK' has already been traced.
# KERNEL: Warning: KERNEL_0291 Signal '/onehot_tb/RST' has already been traced.
# KERNEL: Warning: KERNEL_0291 Signal '/onehot_tb/Start' has already been traced.
# KERNEL: Warning: KERNEL_0291 Signal '/onehot_tb/Stop' has already been traced.
# Waveform file 'untitled.awc' connected to 'c:/My_Designs/Accum/src/wave.asdb'.
# KERNEL: Warning: KERNEL_0291 Signal '/onehot_tb/CLK' has already been traced.
# KERNEL: Warning: KERNEL_0291 Signal '/onehot_tb/RST' has already been traced.
# KERNEL: Warning: KERNEL_0291 Signal '/onehot_tb/Start' has already been traced.
# KERNEL: Warning: KERNEL_0291 Signal '/onehot_tb/Stop' has already been traced.
wave 
wave -noreg CLK
wave -noreg RST
wave -noreg Start
wave -noreg Stop
# KERNEL: Warning: KERNEL_0291 Signal '/onehot_tb/CLK' has already been traced.
# KERNEL: Warning: KERNEL_0291 Signal '/onehot_tb/RST' has already been traced.
# KERNEL: Warning: KERNEL_0291 Signal '/onehot_tb/Start' has already been traced.
# KERNEL: Warning: KERNEL_0291 Signal '/onehot_tb/Stop' has already been traced.
# 0 signal(s) traced.
# Waveform file 'untitled.awc' connected to 'c:/My_Designs/Accum/src/wave.asdb'.
run 1000 ns
# KERNEL: WARNING: CONV_INTEGER: There is an 'U'|'X'|'W'|'Z'|'-' in an arithmetic operand, and it has been converted to 0.
# KERNEL: Time: 0 ps,  Iteration: 0,  Instance: /onehot_tb/UUT/UMRAM,  Process: line__59.
# KERNEL: WARNING: CONV_INTEGER: There is an 'U'|'X'|'W'|'Z'|'-' in an arithmetic operand, and it has been converted to 0.
# KERNEL: Time: 0 ps,  Iteration: 0,  Instance: /onehot_tb/UUT/UMROM,  Process: line__55.
# KERNEL: WARNING: CONV_INTEGER: There is an 'U'|'X'|'W'|'Z'|'-' in an arithmetic operand, and it has been converted to 0.
# KERNEL: Time: 0 ps,  Iteration: 0,  Instance: /onehot_tb/UUT/UDPATH,  Process: line__28.
# KERNEL: WARNING: CONV_INTEGER: There is an 'U'|'X'|'W'|'Z'|'-' in an arithmetic operand, and it has been converted to 0.
# KERNEL: Time: 0 ps,  Iteration: 0,  Instance: /onehot_tb/UUT/UDPATH,  Process: line__28.
# KERNEL: WARNING: CONV_INTEGER: There is an 'U'|'X'|'W'|'Z'|'-' in an arithmetic operand, and it has been converted to 0.
# KERNEL: Time: 0 ps,  Iteration: 0,  Instance: /onehot_tb/UUT/UDPATH,  Process: line__29.
# KERNEL: WARNING: CONV_INTEGER: There is an 'U'|'X'|'W'|'Z'|'-' in an arithmetic operand, and it has been converted to 0.
# KERNEL: Time: 0 ps,  Iteration: 0,  Instance: /onehot_tb/UUT/UDPATH,  Process: line__29.
# KERNEL: WARNING: There is an 'U'|'X'|'W'|'Z'|'-' in an arithmetic operand, the result will be 'X'(es).
# KERNEL: Time: 0 ps,  Iteration: 0,  Instance: /onehot_tb/UUT/UDPATH,  Process: FLAGS.
# KERNEL: WARNING: CONV_INTEGER: There is an 'U'|'X'|'W'|'Z'|'-' in an arithmetic operand, and it has been converted to 0.
# KERNEL: Time: 35 ns,  Iteration: 4,  Instance: /onehot_tb/UUT/UDPATH,  Process: line__28.
# KERNEL: WARNING: CONV_INTEGER: There is an 'U'|'X'|'W'|'Z'|'-' in an arithmetic operand, and it has been converted to 0.
# KERNEL: Time: 35 ns,  Iteration: 4,  Instance: /onehot_tb/UUT/UDPATH,  Process: line__29.
# KERNEL: stopped at time: 1 us
run 1000 ns
# KERNEL: stopped at time: 2 us
SetActiveLib -work
comp -include "$dsn\src\OneHot.vhd" 
# Warning: DAGGEN_0523: The source is compiled without the -dbg switch. Line breakpoints and assertion debug will not be available.
# File: c:\My_Designs\Accum\src\OneHot.vhd
# Compile Entity "OneHot"
# Compile Architecture "Beh" of Entity "OneHot"
# Compile success 0 Errors 0 Warnings  Analysis time :  31.0 [ms]
comp -include "$dsn\src\TestBench\onehot_TB.vhd" 
# Warning: DAGGEN_0523: The source is compiled without the -dbg switch. Line breakpoints and assertion debug will not be available.
# File: c:\My_Designs\Accum\src\TestBench\onehot_TB.vhd
# Compile Entity "onehot_tb"
# Compile Architecture "TB_ARCHITECTURE" of Entity "onehot_tb"
# Compile Configuration "TESTBENCH_FOR_onehot"
# Compile success 0 Errors 0 Warnings  Analysis time :  15.0 [ms]
asim +access +r TESTBENCH_FOR_onehot 
# VSIM: Simulation has finished.
# ELBREAD: Elaboration process.
# ELBREAD: Elaboration time 0.0 [s].
# VSIM: Stack memory: 32MB
# VSIM: Retval memory: 32MB
# 
# KERNEL: Main thread initiated.
# KERNEL: Kernel process initialization phase.
# KERNEL: Time resolution set to 1ps.
# ELAB2: Elaboration final pass...
# ELAB2: Create instances ...
# ELAB2: Create instances complete.
# SLP: Started
# SLP: Elaboration phase ...
# SLP: Elaboration phase ... skipped, nothing to simulate in SLP mode : 0.0 [s]
# SLP: Finished : 0.0 [s]
# ELAB2: Elaboration final pass complete - time: 0.0 [s].
# KERNEL: Warning: You are using the Active-HDL Student Edition. The performance of simulation is running at a reduced rate.
# KERNEL: Warning: Contact Aldec for available upgrade options - sales@aldec.com.
# KERNEL: Kernel process initialization done.
# Allocation: Simulator allocated 7210 kB (elbread=1280 elab2=5792 kernel=138 sdf=0)
# KERNEL: ASDB file was created in location c:\My_Designs\Accum\src\wave.asdb
#  15:35, 10 апреля 2018 г.
#  Simulation has been initialized
# Waveform file 'untitled.awc' connected to 'c:/My_Designs/Accum/src/wave.asdb'.
# Waveform file 'untitled.awc' connected to 'c:/My_Designs/Accum/src/wave.asdb'.
# KERNEL: Warning: KERNEL_0291 Signal '/onehot_tb/CLK' has already been traced.
# KERNEL: Warning: KERNEL_0291 Signal '/onehot_tb/RST' has already been traced.
# KERNEL: Warning: KERNEL_0291 Signal '/onehot_tb/Start' has already been traced.
# KERNEL: Warning: KERNEL_0291 Signal '/onehot_tb/Stop' has already been traced.
# Waveform file 'untitled.awc' connected to 'c:/My_Designs/Accum/src/wave.asdb'.
# KERNEL: Warning: KERNEL_0291 Signal '/onehot_tb/CLK' has already been traced.
# KERNEL: Warning: KERNEL_0291 Signal '/onehot_tb/RST' has already been traced.
# KERNEL: Warning: KERNEL_0291 Signal '/onehot_tb/Start' has already been traced.
# KERNEL: Warning: KERNEL_0291 Signal '/onehot_tb/Stop' has already been traced.
# Waveform file 'untitled.awc' connected to 'c:/My_Designs/Accum/src/wave.asdb'.
# KERNEL: Warning: KERNEL_0291 Signal '/onehot_tb/CLK' has already been traced.
# KERNEL: Warning: KERNEL_0291 Signal '/onehot_tb/RST' has already been traced.
# KERNEL: Warning: KERNEL_0291 Signal '/onehot_tb/Start' has already been traced.
# KERNEL: Warning: KERNEL_0291 Signal '/onehot_tb/Stop' has already been traced.
# Waveform file 'untitled.awc' connected to 'c:/My_Designs/Accum/src/wave.asdb'.
# KERNEL: Warning: KERNEL_0291 Signal '/onehot_tb/CLK' has already been traced.
# KERNEL: Warning: KERNEL_0291 Signal '/onehot_tb/RST' has already been traced.
# KERNEL: Warning: KERNEL_0291 Signal '/onehot_tb/Start' has already been traced.
# KERNEL: Warning: KERNEL_0291 Signal '/onehot_tb/Stop' has already been traced.
wave 
wave -noreg CLK
wave -noreg RST
wave -noreg Start
wave -noreg Stop
# KERNEL: Warning: KERNEL_0291 Signal '/onehot_tb/CLK' has already been traced.
# KERNEL: Warning: KERNEL_0291 Signal '/onehot_tb/RST' has already been traced.
# KERNEL: Warning: KERNEL_0291 Signal '/onehot_tb/Start' has already been traced.
# KERNEL: Warning: KERNEL_0291 Signal '/onehot_tb/Stop' has already been traced.
# 0 signal(s) traced.
# Waveform file 'untitled.awc' connected to 'c:/My_Designs/Accum/src/wave.asdb'.
run 1000 ns
# KERNEL: WARNING: CONV_INTEGER: There is an 'U'|'X'|'W'|'Z'|'-' in an arithmetic operand, and it has been converted to 0.
# KERNEL: Time: 0 ps,  Iteration: 0,  Instance: /onehot_tb/UUT/UMRAM,  Process: line__59.
# KERNEL: WARNING: CONV_INTEGER: There is an 'U'|'X'|'W'|'Z'|'-' in an arithmetic operand, and it has been converted to 0.
# KERNEL: Time: 0 ps,  Iteration: 0,  Instance: /onehot_tb/UUT/UMROM,  Process: line__55.
# KERNEL: WARNING: CONV_INTEGER: There is an 'U'|'X'|'W'|'Z'|'-' in an arithmetic operand, and it has been converted to 0.
# KERNEL: Time: 0 ps,  Iteration: 0,  Instance: /onehot_tb/UUT/UDPATH,  Process: line__28.
# KERNEL: WARNING: CONV_INTEGER: There is an 'U'|'X'|'W'|'Z'|'-' in an arithmetic operand, and it has been converted to 0.
# KERNEL: Time: 0 ps,  Iteration: 0,  Instance: /onehot_tb/UUT/UDPATH,  Process: line__28.
# KERNEL: WARNING: CONV_INTEGER: There is an 'U'|'X'|'W'|'Z'|'-' in an arithmetic operand, and it has been converted to 0.
# KERNEL: Time: 0 ps,  Iteration: 0,  Instance: /onehot_tb/UUT/UDPATH,  Process: line__29.
# KERNEL: WARNING: CONV_INTEGER: There is an 'U'|'X'|'W'|'Z'|'-' in an arithmetic operand, and it has been converted to 0.
# KERNEL: Time: 0 ps,  Iteration: 0,  Instance: /onehot_tb/UUT/UDPATH,  Process: line__29.
# KERNEL: WARNING: There is an 'U'|'X'|'W'|'Z'|'-' in an arithmetic operand, the result will be 'X'(es).
# KERNEL: Time: 0 ps,  Iteration: 0,  Instance: /onehot_tb/UUT/UDPATH,  Process: FLAGS.
# KERNEL: WARNING: CONV_INTEGER: There is an 'U'|'X'|'W'|'Z'|'-' in an arithmetic operand, and it has been converted to 0.
# KERNEL: Time: 35 ns,  Iteration: 4,  Instance: /onehot_tb/UUT/UDPATH,  Process: line__28.
# KERNEL: WARNING: CONV_INTEGER: There is an 'U'|'X'|'W'|'Z'|'-' in an arithmetic operand, and it has been converted to 0.
# KERNEL: Time: 35 ns,  Iteration: 4,  Instance: /onehot_tb/UUT/UDPATH,  Process: line__29.
# KERNEL: stopped at time: 1 us
SetActiveLib -work
comp -include "$dsn\src\OneHot.vhd" 
# Warning: DAGGEN_0523: The source is compiled without the -dbg switch. Line breakpoints and assertion debug will not be available.
# File: c:\My_Designs\Accum\src\OneHot.vhd
# Compile Entity "OneHot"
# Compile Architecture "Beh" of Entity "OneHot"
# Compile success 0 Errors 0 Warnings  Analysis time :  15.0 [ms]
comp -include "$dsn\src\TestBench\onehot_TB.vhd" 
# Warning: DAGGEN_0523: The source is compiled without the -dbg switch. Line breakpoints and assertion debug will not be available.
# File: c:\My_Designs\Accum\src\TestBench\onehot_TB.vhd
# Compile Entity "onehot_tb"
# Compile Architecture "TB_ARCHITECTURE" of Entity "onehot_tb"
# Compile Configuration "TESTBENCH_FOR_onehot"
# Compile success 0 Errors 0 Warnings  Analysis time :  16.0 [ms]
asim +access +r TESTBENCH_FOR_onehot 
# VSIM: Simulation has finished.
# ELBREAD: Elaboration process.
# ELBREAD: Elaboration time 0.0 [s].
# VSIM: Stack memory: 32MB
# VSIM: Retval memory: 32MB
# 
acom -O3 -e 100 -work Accum -2002  $dsn/src/DPATH.vhd
# Warning: DAGGEN_0523: The source is compiled without the -dbg switch. Line breakpoints and assertion debug will not be available.
# File: c:\My_Designs\Accum\src\DPATH.vhd
# Compile Entity "DPATH"
# Compile Architecture "Beh" of Entity "DPATH"
# Compile success 0 Errors 0 Warnings  Analysis time :  16.0 [ms]
# ELBREAD: Elaboration process.
# ELBREAD: Elaboration time 0.0 [s].
# KERNEL: Main thread initiated.
# KERNEL: Kernel process initialization phase.
# KERNEL: Time resolution set to 1ps.
# ELAB2: Elaboration final pass...
# ELAB2: Create instances ...
# ELAB2: Create instances complete.
# SLP: Started
# SLP: Elaboration phase ...
# SLP: Elaboration phase ... skipped, nothing to simulate in SLP mode : 0.0 [s]
# SLP: Finished : 0.0 [s]
# ELAB2: Elaboration final pass complete - time: 0.0 [s].
# KERNEL: Warning: You are using the Active-HDL Student Edition. The performance of simulation is running at a reduced rate.
# KERNEL: Warning: Contact Aldec for available upgrade options - sales@aldec.com.
# KERNEL: Kernel process initialization done.
# Allocation: Simulator allocated 7210 kB (elbread=1280 elab2=5792 kernel=138 sdf=0)
# KERNEL: ASDB file was created in location c:\My_Designs\Accum\src\wave.asdb
#  15:36, 10 апреля 2018 г.
#  Simulation has been initialized
# Waveform file 'untitled.awc' connected to 'c:/My_Designs/Accum/src/wave.asdb'.
# Waveform file 'untitled.awc' connected to 'c:/My_Designs/Accum/src/wave.asdb'.
# KERNEL: Warning: KERNEL_0291 Signal '/onehot_tb/CLK' has already been traced.
# KERNEL: Warning: KERNEL_0291 Signal '/onehot_tb/RST' has already been traced.
# KERNEL: Warning: KERNEL_0291 Signal '/onehot_tb/Start' has already been traced.
# KERNEL: Warning: KERNEL_0291 Signal '/onehot_tb/Stop' has already been traced.
# Waveform file 'untitled.awc' connected to 'c:/My_Designs/Accum/src/wave.asdb'.
# KERNEL: Warning: KERNEL_0291 Signal '/onehot_tb/CLK' has already been traced.
# KERNEL: Warning: KERNEL_0291 Signal '/onehot_tb/RST' has already been traced.
# KERNEL: Warning: KERNEL_0291 Signal '/onehot_tb/Start' has already been traced.
# KERNEL: Warning: KERNEL_0291 Signal '/onehot_tb/Stop' has already been traced.
# Waveform file 'untitled.awc' connected to 'c:/My_Designs/Accum/src/wave.asdb'.
# KERNEL: Warning: KERNEL_0291 Signal '/onehot_tb/CLK' has already been traced.
# KERNEL: Warning: KERNEL_0291 Signal '/onehot_tb/RST' has already been traced.
# KERNEL: Warning: KERNEL_0291 Signal '/onehot_tb/Start' has already been traced.
# KERNEL: Warning: KERNEL_0291 Signal '/onehot_tb/Stop' has already been traced.
# Waveform file 'untitled.awc' connected to 'c:/My_Designs/Accum/src/wave.asdb'.
# KERNEL: Warning: KERNEL_0291 Signal '/onehot_tb/CLK' has already been traced.
# KERNEL: Warning: KERNEL_0291 Signal '/onehot_tb/RST' has already been traced.
# KERNEL: Warning: KERNEL_0291 Signal '/onehot_tb/Start' has already been traced.
# KERNEL: Warning: KERNEL_0291 Signal '/onehot_tb/Stop' has already been traced.
# Waveform file 'untitled.awc' connected to 'c:/My_Designs/Accum/src/wave.asdb'.
# KERNEL: Warning: KERNEL_0291 Signal '/onehot_tb/CLK' has already been traced.
# KERNEL: Warning: KERNEL_0291 Signal '/onehot_tb/RST' has already been traced.
# KERNEL: Warning: KERNEL_0291 Signal '/onehot_tb/Start' has already been traced.
# KERNEL: Warning: KERNEL_0291 Signal '/onehot_tb/Stop' has already been traced.
wave 
wave -noreg CLK
wave -noreg RST
wave -noreg Start
wave -noreg Stop
# KERNEL: Warning: KERNEL_0291 Signal '/onehot_tb/CLK' has already been traced.
# KERNEL: Warning: KERNEL_0291 Signal '/onehot_tb/RST' has already been traced.
# KERNEL: Warning: KERNEL_0291 Signal '/onehot_tb/Start' has already been traced.
# KERNEL: Warning: KERNEL_0291 Signal '/onehot_tb/Stop' has already been traced.
# 0 signal(s) traced.
# Waveform file 'untitled.awc' connected to 'c:/My_Designs/Accum/src/wave.asdb'.
run 1000 ns
# KERNEL: WARNING: CONV_INTEGER: There is an 'U'|'X'|'W'|'Z'|'-' in an arithmetic operand, and it has been converted to 0.
# KERNEL: Time: 0 ps,  Iteration: 0,  Instance: /onehot_tb/UUT/UMRAM,  Process: line__59.
# KERNEL: WARNING: CONV_INTEGER: There is an 'U'|'X'|'W'|'Z'|'-' in an arithmetic operand, and it has been converted to 0.
# KERNEL: Time: 0 ps,  Iteration: 0,  Instance: /onehot_tb/UUT/UMROM,  Process: line__55.
# KERNEL: WARNING: CONV_INTEGER: There is an 'U'|'X'|'W'|'Z'|'-' in an arithmetic operand, and it has been converted to 0.
# KERNEL: Time: 0 ps,  Iteration: 0,  Instance: /onehot_tb/UUT/UDPATH,  Process: line__28.
# KERNEL: WARNING: CONV_INTEGER: There is an 'U'|'X'|'W'|'Z'|'-' in an arithmetic operand, and it has been converted to 0.
# KERNEL: Time: 0 ps,  Iteration: 0,  Instance: /onehot_tb/UUT/UDPATH,  Process: line__28.
# KERNEL: WARNING: CONV_INTEGER: There is an 'U'|'X'|'W'|'Z'|'-' in an arithmetic operand, and it has been converted to 0.
# KERNEL: Time: 0 ps,  Iteration: 0,  Instance: /onehot_tb/UUT/UDPATH,  Process: line__29.
# KERNEL: WARNING: CONV_INTEGER: There is an 'U'|'X'|'W'|'Z'|'-' in an arithmetic operand, and it has been converted to 0.
# KERNEL: Time: 0 ps,  Iteration: 0,  Instance: /onehot_tb/UUT/UDPATH,  Process: line__29.
# KERNEL: WARNING: There is an 'U'|'X'|'W'|'Z'|'-' in an arithmetic operand, the result will be 'X'(es).
# KERNEL: Time: 0 ps,  Iteration: 0,  Instance: /onehot_tb/UUT/UDPATH,  Process: FLAGS.
# KERNEL: WARNING: CONV_INTEGER: There is an 'U'|'X'|'W'|'Z'|'-' in an arithmetic operand, and it has been converted to 0.
# KERNEL: Time: 35 ns,  Iteration: 4,  Instance: /onehot_tb/UUT/UDPATH,  Process: line__28.
# KERNEL: WARNING: CONV_INTEGER: There is an 'U'|'X'|'W'|'Z'|'-' in an arithmetic operand, and it has been converted to 0.
# KERNEL: Time: 35 ns,  Iteration: 4,  Instance: /onehot_tb/UUT/UDPATH,  Process: line__29.
# KERNEL: stopped at time: 1 us
run 1000 ns
# KERNEL: stopped at time: 2 us
SetActiveLib -work
comp -include "$dsn\src\OneHot.vhd" 
# Warning: DAGGEN_0523: The source is compiled without the -dbg switch. Line breakpoints and assertion debug will not be available.
# File: c:\My_Designs\Accum\src\OneHot.vhd
# Compile Entity "OneHot"
# Compile Architecture "Beh" of Entity "OneHot"
# Compile success 0 Errors 0 Warnings  Analysis time :  16.0 [ms]
comp -include "$dsn\src\TestBench\onehot_TB.vhd" 
# Warning: DAGGEN_0523: The source is compiled without the -dbg switch. Line breakpoints and assertion debug will not be available.
# File: c:\My_Designs\Accum\src\TestBench\onehot_TB.vhd
# Compile Entity "onehot_tb"
# Compile Architecture "TB_ARCHITECTURE" of Entity "onehot_tb"
# Compile Configuration "TESTBENCH_FOR_onehot"
# Compile success 0 Errors 0 Warnings  Analysis time :  31.0 [ms]
asim +access +r TESTBENCH_FOR_onehot 
# VSIM: Simulation has finished.
# ELBREAD: Elaboration process.
# ELBREAD: Elaboration time 0.0 [s].
# VSIM: Stack memory: 32MB
# VSIM: Retval memory: 32MB
# 
acom -O3 -e 100 -work Accum -2002  $dsn/src/MRAM.vhd
# Warning: DAGGEN_0523: The source is compiled without the -dbg switch. Line breakpoints and assertion debug will not be available.
# File: c:\My_Designs\Accum\src\MRAM.vhd
# Compile Entity "MRAM"
# Compile Architecture "Beh" of Entity "MRAM"
# Compile success 0 Errors 0 Warnings  Analysis time :  15.0 [ms]
# ELBREAD: Elaboration process.
# ELBREAD: Elaboration time 0.0 [s].
# KERNEL: Main thread initiated.
# KERNEL: Kernel process initialization phase.
# KERNEL: Time resolution set to 1ps.
# ELAB2: Elaboration final pass...
# ELAB2: Create instances ...
# ELAB2: Create instances complete.
# SLP: Started
# SLP: Elaboration phase ...
# SLP: Elaboration phase ... skipped, nothing to simulate in SLP mode : 0.0 [s]
# SLP: Finished : 0.0 [s]
# ELAB2: Elaboration final pass complete - time: 0.0 [s].
# KERNEL: Warning: You are using the Active-HDL Student Edition. The performance of simulation is running at a reduced rate.
# KERNEL: Warning: Contact Aldec for available upgrade options - sales@aldec.com.
# KERNEL: Kernel process initialization done.
# Allocation: Simulator allocated 7210 kB (elbread=1280 elab2=5792 kernel=138 sdf=0)
# KERNEL: ASDB file was created in location c:\My_Designs\Accum\src\wave.asdb
#  15:37, 10 апреля 2018 г.
#  Simulation has been initialized
# Waveform file 'untitled.awc' connected to 'c:/My_Designs/Accum/src/wave.asdb'.
# Waveform file 'untitled.awc' connected to 'c:/My_Designs/Accum/src/wave.asdb'.
# KERNEL: Warning: KERNEL_0291 Signal '/onehot_tb/CLK' has already been traced.
# KERNEL: Warning: KERNEL_0291 Signal '/onehot_tb/RST' has already been traced.
# KERNEL: Warning: KERNEL_0291 Signal '/onehot_tb/Start' has already been traced.
# KERNEL: Warning: KERNEL_0291 Signal '/onehot_tb/Stop' has already been traced.
# Waveform file 'untitled.awc' connected to 'c:/My_Designs/Accum/src/wave.asdb'.
# KERNEL: Warning: KERNEL_0291 Signal '/onehot_tb/CLK' has already been traced.
# KERNEL: Warning: KERNEL_0291 Signal '/onehot_tb/RST' has already been traced.
# KERNEL: Warning: KERNEL_0291 Signal '/onehot_tb/Start' has already been traced.
# KERNEL: Warning: KERNEL_0291 Signal '/onehot_tb/Stop' has already been traced.
# Waveform file 'untitled.awc' connected to 'c:/My_Designs/Accum/src/wave.asdb'.
# KERNEL: Warning: KERNEL_0291 Signal '/onehot_tb/CLK' has already been traced.
# KERNEL: Warning: KERNEL_0291 Signal '/onehot_tb/RST' has already been traced.
# KERNEL: Warning: KERNEL_0291 Signal '/onehot_tb/Start' has already been traced.
# KERNEL: Warning: KERNEL_0291 Signal '/onehot_tb/Stop' has already been traced.
# Waveform file 'untitled.awc' connected to 'c:/My_Designs/Accum/src/wave.asdb'.
# KERNEL: Warning: KERNEL_0291 Signal '/onehot_tb/CLK' has already been traced.
# KERNEL: Warning: KERNEL_0291 Signal '/onehot_tb/RST' has already been traced.
# KERNEL: Warning: KERNEL_0291 Signal '/onehot_tb/Start' has already been traced.
# KERNEL: Warning: KERNEL_0291 Signal '/onehot_tb/Stop' has already been traced.
# Waveform file 'untitled.awc' connected to 'c:/My_Designs/Accum/src/wave.asdb'.
# KERNEL: Warning: KERNEL_0291 Signal '/onehot_tb/CLK' has already been traced.
# KERNEL: Warning: KERNEL_0291 Signal '/onehot_tb/RST' has already been traced.
# KERNEL: Warning: KERNEL_0291 Signal '/onehot_tb/Start' has already been traced.
# KERNEL: Warning: KERNEL_0291 Signal '/onehot_tb/Stop' has already been traced.
# Waveform file 'untitled.awc' connected to 'c:/My_Designs/Accum/src/wave.asdb'.
# KERNEL: Warning: KERNEL_0291 Signal '/onehot_tb/CLK' has already been traced.
# KERNEL: Warning: KERNEL_0291 Signal '/onehot_tb/RST' has already been traced.
# KERNEL: Warning: KERNEL_0291 Signal '/onehot_tb/Start' has already been traced.
# KERNEL: Warning: KERNEL_0291 Signal '/onehot_tb/Stop' has already been traced.
wave 
wave -noreg CLK
wave -noreg RST
# No signals matching
wave -noreg Start
# No signals matching
wave -noreg Stop
# No signals matching
# 1 signal(s) traced.
# Waveform file 'untitled.awc' connected to 'c:/My_Designs/Accum/src/wave.asdb'.
run 1000 ns
# KERNEL: WARNING: CONV_INTEGER: There is an 'U'|'X'|'W'|'Z'|'-' in an arithmetic operand, and it has been converted to 0.
# KERNEL: Time: 0 ps,  Iteration: 0,  Instance: /onehot_tb/UUT/UMRAM,  Process: line__59.
# KERNEL: WARNING: CONV_INTEGER: There is an 'U'|'X'|'W'|'Z'|'-' in an arithmetic operand, and it has been converted to 0.
# KERNEL: Time: 0 ps,  Iteration: 0,  Instance: /onehot_tb/UUT/UMROM,  Process: line__55.
# KERNEL: WARNING: CONV_INTEGER: There is an 'U'|'X'|'W'|'Z'|'-' in an arithmetic operand, and it has been converted to 0.
# KERNEL: Time: 0 ps,  Iteration: 0,  Instance: /onehot_tb/UUT/UDPATH,  Process: line__28.
# KERNEL: WARNING: CONV_INTEGER: There is an 'U'|'X'|'W'|'Z'|'-' in an arithmetic operand, and it has been converted to 0.
# KERNEL: Time: 0 ps,  Iteration: 0,  Instance: /onehot_tb/UUT/UDPATH,  Process: line__28.
# KERNEL: WARNING: CONV_INTEGER: There is an 'U'|'X'|'W'|'Z'|'-' in an arithmetic operand, and it has been converted to 0.
# KERNEL: Time: 0 ps,  Iteration: 0,  Instance: /onehot_tb/UUT/UDPATH,  Process: line__29.
# KERNEL: WARNING: CONV_INTEGER: There is an 'U'|'X'|'W'|'Z'|'-' in an arithmetic operand, and it has been converted to 0.
# KERNEL: Time: 0 ps,  Iteration: 0,  Instance: /onehot_tb/UUT/UDPATH,  Process: line__29.
# KERNEL: WARNING: There is an 'U'|'X'|'W'|'Z'|'-' in an arithmetic operand, the result will be 'X'(es).
# KERNEL: Time: 0 ps,  Iteration: 0,  Instance: /onehot_tb/UUT/UDPATH,  Process: FLAGS.
# KERNEL: WARNING: CONV_INTEGER: There is an 'U'|'X'|'W'|'Z'|'-' in an arithmetic operand, and it has been converted to 0.
# KERNEL: Time: 35 ns,  Iteration: 4,  Instance: /onehot_tb/UUT/UDPATH,  Process: line__28.
# KERNEL: WARNING: CONV_INTEGER: There is an 'U'|'X'|'W'|'Z'|'-' in an arithmetic operand, and it has been converted to 0.
# KERNEL: Time: 35 ns,  Iteration: 4,  Instance: /onehot_tb/UUT/UDPATH,  Process: line__29.
# KERNEL: stopped at time: 1 us
run 1000 ns
# KERNEL: stopped at time: 2 us
run 1000 ns
# KERNEL: stopped at time: 3 us
run 1000 ns
# KERNEL: stopped at time: 4 us
# 1 signal(s) traced.
