# ELBREAD: Elaboration process.
# ELBREAD: Elaboration time 0.0 [s].
# Error: Cannot connect to E:/Project/VHDL/POCP/POCP-2/src/wave.asdb database
acom -O3 -work ieee -2002  $dsn/src/source/MUX4BY2.vhd $dsn/src/source/MUX_2.vhd $dsn/src/source/OR4.vhd $dsn/src/source/MUX.vhd
# Compile...
# Warning: DAGGEN_0523: The source is compiled without the -dbg switch. Line breakpoints, code coverage, and assertion debug will not be available.
# File: E:\Project\VHDL\POCP\POCP-1\src\source\MUX4BY2.vhd
# Compile Entity "MUX4BY2"
# Compile Architecture "MUX4BY2" of Entity "MUX4BY2"
# File: E:\Project\VHDL\POCP\POCP-1\src\source\MUX_2.vhd
# Compile Entity "mux_2"
# Compile Architecture "mux_2" of Entity "mux_2"
# File: E:\Project\VHDL\POCP\POCP-1\src\source\OR4.vhd
# Compile Entity "OR4"
# Compile Architecture "OR4" of Entity "OR4"
# File: E:\Project\VHDL\POCP\POCP-1\src\source\MUX.vhd
# Compile Entity "mux"
# Compile Architecture "beh" of Entity "mux"
# Compile success 0 Errors 0 Warnings  Analysis time :  0.4 [s]
acom -O3 -work ieee -2002  $dsn/src/source/MUX4BY2.vhd $dsn/src/source/MUX_2.vhd $dsn/src/source/OR4.vhd $dsn/src/source/MUX.vhd
# Compile...
# Warning: DAGGEN_0523: The source is compiled without the -dbg switch. Line breakpoints, code coverage, and assertion debug will not be available.
# File: E:\Project\VHDL\POCP\POCP-1\src\source\MUX4BY2.vhd
# Compile Entity "MUX4BY2"
# Compile Architecture "MUX4BY2" of Entity "MUX4BY2"
# File: E:\Project\VHDL\POCP\POCP-1\src\source\MUX_2.vhd
# Compile Entity "mux_2"
# Compile Architecture "mux_2" of Entity "mux_2"
# File: E:\Project\VHDL\POCP\POCP-1\src\source\OR4.vhd
# Compile Entity "OR4"
# Compile Architecture "OR4" of Entity "OR4"
# File: E:\Project\VHDL\POCP\POCP-1\src\source\MUX.vhd
# Compile Entity "mux"
# Compile Architecture "beh" of Entity "mux"
# Compile success 0 Errors 0 Warnings  Analysis time :  0.5 [s]
acom -reorder -O3 -work ieee -2002  $dsn/src/source/MUX4BY2.vhd $dsn/src/source/MUX_2.vhd $dsn/src/source/OR4.vhd $dsn/src/source/MUX.vhd
# Compile with File Reorder...
# Warning: DAGGEN_0523: The source is compiled without the -dbg switch. Line breakpoints, code coverage, and assertion debug will not be available.
# File: E:\Project\VHDL\POCP\POCP-1\src\source\MUX4BY2.vhd
# Compile Entity "MUX4BY2"
# Compile Architecture "MUX4BY2" of Entity "MUX4BY2"
# File: E:\Project\VHDL\POCP\POCP-1\src\source\MUX_2.vhd
# Compile Entity "mux_2"
# Compile Architecture "mux_2" of Entity "mux_2"
# File: E:\Project\VHDL\POCP\POCP-1\src\source\OR4.vhd
# Compile Entity "OR4"
# Compile Architecture "OR4" of Entity "OR4"
# File: E:\Project\VHDL\POCP\POCP-1\src\source\MUX.vhd
# Compile Entity "mux"
# Compile Architecture "beh" of Entity "mux"
# Top-level unit(s) detected:
# Entity => mux_2
# Entity => OR4
# Entity => MUX4BY2
# Entity => mux
# Compile success 0 Errors 0 Warnings  Analysis time :  0.5 [s]
acom -O3 -work ieee -2002  $dsn/src/source/MUX4BY2.vhd $dsn/src/source/MUX_2.vhd $dsn/src/source/OR4.vhd $dsn/src/source/MUX.vhd
# Compile...
# Warning: DAGGEN_0523: The source is compiled without the -dbg switch. Line breakpoints, code coverage, and assertion debug will not be available.
# File: E:\Project\VHDL\POCP\POCP-1\src\source\MUX4BY2.vhd
# Compile Entity "MUX4BY2"
# Compile Architecture "MUX4BY2" of Entity "MUX4BY2"
# File: E:\Project\VHDL\POCP\POCP-1\src\source\MUX_2.vhd
# Compile Entity "mux_2"
# Compile Architecture "mux_2" of Entity "mux_2"
# File: E:\Project\VHDL\POCP\POCP-1\src\source\OR4.vhd
# Compile Entity "OR4"
# Compile Architecture "OR4" of Entity "OR4"
# File: E:\Project\VHDL\POCP\POCP-1\src\source\MUX.vhd
# Compile Entity "mux"
# Compile Architecture "beh" of Entity "mux"
# Compile success 0 Errors 0 Warnings  Analysis time :  0.2 [s]
# Design: Design "POCP-2" has been set as active.
