SetActiveLib -work
comp -include "$dsn\src\OneHot.vhd" 
# Warning: DAGGEN_0523: The source is compiled without the -dbg switch. Line breakpoints and assertion debug will not be available.
# File: c:\My_Designs\GPR\src\OneHot.vhd
# Compile Entity "OneHot"
# Compile Architecture "Beh_GPR" of Entity "OneHot"
# Compile success 0 Errors 0 Warnings  Analysis time :  0.1 [s]
comp -include "$dsn\src\TestBench\onehot_TB.vhd" 
# Warning: DAGGEN_0523: The source is compiled without the -dbg switch. Line breakpoints and assertion debug will not be available.
# File: c:\My_Designs\GPR\src\TestBench\onehot_TB.vhd
# Compile Entity "onehot_tb"
# Compile Architecture "TB_ARCHITECTURE" of Entity "onehot_tb"
# Compile Configuration "TESTBENCH_FOR_onehot"
# Compile success 0 Errors 0 Warnings  Analysis time :  31.0 [ms]
asim +access +r TESTBENCH_FOR_onehot 
# ELBREAD: Elaboration process.
# ELBREAD: Elaboration time 0.0 [s].
# VSIM: Stack memory: 32MB
# VSIM: Retval memory: 32MB
# 
acom -O3 -e 100 -work GPR -2002  $dsn/src/DPATH.vhd $dsn/src/MROM.vhd
# Warning: DAGGEN_0523: The source is compiled without the -dbg switch. Line breakpoints and assertion debug will not be available.
# File: c:\My_Designs\GPR\src\DPATH.vhd
# Compile Entity "DPATH"
# Compile Architecture "Beh_GPR" of Entity "DPATH"
# Error: COMP96_0078: DPATH.vhd : (58, 16): Unknown identifier "ACCUM".
# Error: COMP96_0348: DPATH.vhd : (58, 16): Name on sensitivity list must denote a signal.
# Error: COMP96_0078: DPATH.vhd : (61, 20): Unknown identifier "ACCUM".
# Error: COMP96_0078: DPATH.vhd : (61, 33): Unknown identifier "ACCUM".
# Error: COMP96_0133: DPATH.vhd : (61, 33): Cannot find object declaration.
# Error: COMP96_0289: DPATH.vhd : (61, 33): Prefix of index must be an array.
# Error: COMP96_0133: DPATH.vhd : (61, 20): Cannot find object declaration.
# Error: COMP96_0289: DPATH.vhd : (61, 20): Prefix of index must be an array.
# Error: COMP96_0077: DPATH.vhd : (61, 20): Undefined type of expression. Expected type 'STD_ULOGIC'.
# Error: COMP96_0078: DPATH.vhd : (63, 20): Unknown identifier "ACCUM".
# Error: COMP96_0133: DPATH.vhd : (63, 20): Cannot find object declaration.
# Error: COMP96_0289: DPATH.vhd : (63, 20): Prefix of index must be an array.
# Error: COMP96_0077: DPATH.vhd : (63, 20): Undefined type of expression. Expected type 'STD_ULOGIC'.
# File: c:\My_Designs\GPR\src\MROM.vhd
# Compile Entity "MROM"
# Compile Architecture "Beh_GPR" of Entity "MROM"
# Compile failure 13 Errors 0 Warnings  Analysis time :  16.0 [ms]
# ELBREAD: Elaboration process.
# ELBREAD: Elaboration time 0.0 [s].
# KERNEL: Main thread initiated.
# KERNEL: Kernel process initialization phase.
# KERNEL: Time resolution set to 1ps.
# ELAB2: Elaboration final pass...
# ELAB2: Create instances ...
# ELAB2: Create instances complete.
# SLP: Started
# SLP: Elaboration phase ...
# SLP: Elaboration phase ... skipped, nothing to simulate in SLP mode : 0.0 [s]
# SLP: Finished : 0.0 [s]
# ELAB2: Elaboration final pass complete - time: 0.2 [s].
# KERNEL: Warning: You are using the Active-HDL Student Edition. The performance of simulation is running at a reduced rate.
# KERNEL: Warning: Contact Aldec for available upgrade options - sales@aldec.com.
# KERNEL: Kernel process initialization done.
# Allocation: Simulator allocated 7213 kB (elbread=1280 elab2=5794 kernel=138 sdf=0)
# KERNEL: ASDB file was created in location c:\My_Designs\GPR\src\wave.asdb
#  16:04, 10 апреля 2018 г.
#  Simulation has been initialized
# Error: DO_001 in file c:\My_Designs\GPR\src\TestBench\onehot_TB_runtest.do line 4
# Error: Cannot run c:\My_Designs\GPR\src\TestBench\onehot_TB_runtest.do
SetActiveLib -work
comp -include "$dsn\src\OneHot.vhd" 
# Warning: DAGGEN_0523: The source is compiled without the -dbg switch. Line breakpoints and assertion debug will not be available.
# File: c:\My_Designs\GPR\src\OneHot.vhd
# Compile Entity "OneHot"
# Compile Architecture "Beh_GPR" of Entity "OneHot"
# Compile success 0 Errors 0 Warnings  Analysis time :  16.0 [ms]
comp -include "$dsn\src\TestBench\onehot_TB.vhd" 
# Warning: DAGGEN_0523: The source is compiled without the -dbg switch. Line breakpoints and assertion debug will not be available.
# File: c:\My_Designs\GPR\src\TestBench\onehot_TB.vhd
# Compile Entity "onehot_tb"
# Compile Architecture "TB_ARCHITECTURE" of Entity "onehot_tb"
# Compile Configuration "TESTBENCH_FOR_onehot"
# Compile success 0 Errors 0 Warnings  Analysis time :  16.0 [ms]
asim +access +r TESTBENCH_FOR_onehot 
# VSIM: Simulation has finished.
# ELBREAD: Elaboration process.
# ELBREAD: Elaboration time 0.0 [s].
# VSIM: Stack memory: 32MB
# VSIM: Retval memory: 32MB
# 
acom -O3 -e 100 -work GPR -2002  $dsn/src/DPATH.vhd
# Warning: DAGGEN_0523: The source is compiled without the -dbg switch. Line breakpoints and assertion debug will not be available.
# File: c:\My_Designs\GPR\src\DPATH.vhd
# Compile Entity "DPATH"
# Compile Architecture "Beh_GPR" of Entity "DPATH"
# Compile success 0 Errors 0 Warnings  Analysis time :  46.0 [ms]
# ELBREAD: Elaboration process.
# ELBREAD: Elaboration time 0.0 [s].
# KERNEL: Main thread initiated.
# KERNEL: Kernel process initialization phase.
# KERNEL: Time resolution set to 1ps.
# ELAB2: Elaboration final pass...
# ELAB2: Create instances ...
# ELAB2: Create instances complete.
# SLP: Started
# SLP: Elaboration phase ...
# SLP: Elaboration phase ... skipped, nothing to simulate in SLP mode : 0.0 [s]
# SLP: Finished : 0.0 [s]
# ELAB2: Elaboration final pass complete - time: 0.0 [s].
# KERNEL: Warning: You are using the Active-HDL Student Edition. The performance of simulation is running at a reduced rate.
# KERNEL: Warning: Contact Aldec for available upgrade options - sales@aldec.com.
# KERNEL: Kernel process initialization done.
# Allocation: Simulator allocated 7214 kB (elbread=1280 elab2=5795 kernel=138 sdf=0)
# KERNEL: ASDB file was created in location c:\My_Designs\GPR\src\wave.asdb
#  16:05, 10 апреля 2018 г.
#  Simulation has been initialized
wave 
wave -noreg CLK
wave -noreg RST
wave -noreg Start
wave -noreg Stop
# # The following lines can be used for timing simulation
# # acom <backannotated_vhdl_file_name>
# # comp -include "$dsn\src\TestBench\onehot_TB_tim_cfg.vhd" 
# # asim +access +r TIMING_FOR_onehot 
# 4 signal(s) traced.
# Waveform file 'untitled.awc' connected to 'c:/My_Designs/GPR/src/wave.asdb'.
run 100 ns
# KERNEL: WARNING: CONV_INTEGER: There is an 'U'|'X'|'W'|'Z'|'-' in an arithmetic operand, and it has been converted to 0.
# KERNEL: Time: 0 ps,  Iteration: 0,  Instance: /onehot_tb/UUT/UMRAM,  Process: line__72.
# KERNEL: WARNING: CONV_INTEGER: There is an 'U'|'X'|'W'|'Z'|'-' in an arithmetic operand, and it has been converted to 0.
# KERNEL: Time: 0 ps,  Iteration: 0,  Instance: /onehot_tb/UUT/UMRAM,  Process: line__73.
# KERNEL: WARNING: CONV_INTEGER: There is an 'U'|'X'|'W'|'Z'|'-' in an arithmetic operand, and it has been converted to 0.
# KERNEL: Time: 0 ps,  Iteration: 0,  Instance: /onehot_tb/UUT/UMROM,  Process: line__48.
# KERNEL: WARNING: CONV_INTEGER: There is an 'U'|'X'|'W'|'Z'|'-' in an arithmetic operand, and it has been converted to 0.
# KERNEL: Time: 0 ps,  Iteration: 0,  Instance: /onehot_tb/UUT/UDPATH,  Process: line__32.
# KERNEL: WARNING: CONV_INTEGER: There is an 'U'|'X'|'W'|'Z'|'-' in an arithmetic operand, and it has been converted to 0.
# KERNEL: Time: 0 ps,  Iteration: 0,  Instance: /onehot_tb/UUT/UDPATH,  Process: line__32.
# KERNEL: WARNING: CONV_INTEGER: There is an 'U'|'X'|'W'|'Z'|'-' in an arithmetic operand, and it has been converted to 0.
# KERNEL: Time: 0 ps,  Iteration: 0,  Instance: /onehot_tb/UUT/UDPATH,  Process: line__33.
# KERNEL: WARNING: CONV_INTEGER: There is an 'U'|'X'|'W'|'Z'|'-' in an arithmetic operand, and it has been converted to 0.
# KERNEL: Time: 0 ps,  Iteration: 0,  Instance: /onehot_tb/UUT/UDPATH,  Process: line__33.
# KERNEL: WARNING: There is an 'U'|'X'|'W'|'Z'|'-' in an arithmetic operand, the result will be 'X'(es).
# KERNEL: Time: 0 ps,  Iteration: 0,  Instance: /onehot_tb/UUT/UDPATH,  Process: FLAGS.
# KERNEL: stopped at time: 100 ns
run 100 ns
# KERNEL: stopped at time: 200 ns
run 1000 ns
# KERNEL: stopped at time: 1200 ns
run 1000 ns
# KERNEL: stopped at time: 2200 ns
