MPASM 5.66                           FIB.ASM   2-25-2016  13:55:45         PAGE  1


LOC  OBJECT CODE     LINE SOURCE TEXT
  VALUE

Warning[205]: Found directive in column 1. (LIST)
                      00001 LIST        p=16F84     ; ????????? ???? ????????????????
                      00002 #include <p16f84.inc>    
                      00001         LIST
                      00002 
                      00003 ;==========================================================================
                      00004 ; Build date : Feb 01 2016
                      00005 ;  MPASM PIC16F84 processor include
                      00006 ; 
                      00007 ;  (c) Copyright 1999-2016 Microchip Technology, All rights reserved
                      00008 ;==========================================================================
                      00009 
                      00207         LIST
                      00003 
Warning[205]: Found directive in column 1. (cblock)
                      00004 cblock  20h  ; ???? ???
  00000020            00005         R1
  00000021            00006         R2
  00000022            00007         R3
  00000023            00008         R4
Warning[205]: Found directive in column 1. (ENDC)
                      00009 endc
                      00010 
Warning[205]: Found directive in column 1. (org)
                      00011 org 2100h
Warning[205]: Found directive in column 1. (de)
2100   000D           00012 de 0dh ;????? ?????????
Warning[205]: Found directive in column 1. (org)
                      00013 org 0
Warning[203]: Found opcode in column 1. (goto)
0000   2???           00014 goto Start
                      00015 
0001                  00016 EEPROM_WRITE
0001   1683           00017         bsf STATUS, RP0
Message[302]: Register in operand not in bank 0.  Ensure that bank bits are correct.
0002   1508           00018         bsf EECON1, WREN
0003   138B           00019         bcf INTCON,GIE  ; ?????????? ?????? ??????????.
0004   3055           00020         movlw 055h        ; ????????????
Message[302]: Register in operand not in bank 0.  Ensure that bank bits are correct.
0005   0089           00021         movwf EECON2      ; ?????????
0006   30AA           00022         movlw 0AAh        ; ??? ??????.
Message[302]: Register in operand not in bank 0.  Ensure that bank bits are correct.
0007   0089           00023         movwf EECON2      ; ----"----
Message[302]: Register in operand not in bank 0.  Ensure that bank bits are correct.
0008   1488           00024         bsf   EECON1,WR    ; ----"----
Message[302]: Register in operand not in bank 0.  Ensure that bank bits are correct.
0009   1888           00025         btfsc EECON1,WR ; ?????????, ??????????? ?? ??????
000A   2???           00026         goto $-1
000B   178B           00027         bsf INTCON,GIE ; ???????? ???? ?????????? ?? ????????? ?????? ? EEPROM.
Message[302]: Register in operand not in bank 0.  Ensure that bank bits are correct.
000C   1108           00028         bcf EECON1,WREN   
000D   1283           00029         bcf STATUS,RP0  ; ??????? ? ??????? ????.
Warning[203]: Found opcode in column 1. (return)
MPASM 5.66                           FIB.ASM   2-25-2016  13:55:45         PAGE  2


LOC  OBJECT CODE     LINE SOURCE TEXT
  VALUE

000E   0008           00030 return
                      00031 
000F                  00032 EEPROM_READ
000F   1683           00033         bsf STATUS, RP0
Message[302]: Register in operand not in bank 0.  Ensure that bank bits are correct.
0010   1408           00034         bsf EECON1, RD
0011   1283           00035         bcf STATUS, RP0
Warning[203]: Found opcode in column 1. (return)
0012   0008           00036 return
                      00037 
0013                  00038 Start
Warning[203]: Found opcode in column 1. (movlw)
0013   3000           00039 movlw 00h     ; ????????? ?? ?????? 0 ? EEPROM ???????????? ?? ????-?? ? R1
Warning[203]: Found opcode in column 1. (movwf)
0014   0089           00040 movwf EEADR
Warning[203]: Found opcode in column 1. (call)
0015   2???           00041 call EEPROM_READ
Warning[203]: Found opcode in column 1. (movf)
0016   0808           00042 movf EEDATA,W
Warning[203]: Found opcode in column 1. (movwf)
0017   00A2           00043 movwf R3
Warning[203]: Found opcode in column 1. (movlw)
0018   3000           00044 movlw 00h
Warning[203]: Found opcode in column 1. (movwf)
0019   00A1           00045 movwf R2
Warning[203]: Found opcode in column 1. (addlw)
001A   3E01           00046 addlw 01h       
Warning[203]: Found opcode in column 1. (movwf)
001B   00A0           00047 movwf R1
Warning[203]: Found opcode in column 1. (movwf)
001C   00A3           00048 movwf R4
Warning[203]: Found opcode in column 1. (movwf)
001D   0088           00049 movwf EEDATA   
Warning[203]: Found opcode in column 1. (movf)
001E   0823           00050 movf R4,0      
Warning[203]: Found opcode in column 1. (movwf)
001F   0089           00051 movwf EEADR    
Warning[203]: Found opcode in column 1. (call)
0020   2???           00052 call EEPROM_WRITE
Warning[203]: Found opcode in column 1. (incf)
0021   0AA3           00053 incf R4,1       
0022                  00054 cycle
0022   0820           00055         movf R1,0
0023   0721           00056         addwf R2,0
0024   0088           00057         movwf EEDATA   
0025   0823           00058         movf R4,0      
0026   0089           00059         movwf EEADR    
0027   2???           00060         call EEPROM_WRITE
0028   0AA3           00061         incf R4,f
0029   0820           00062         movf R1,0
002A   00A1           00063         movwf R2
002B   0808           00064         movf EEDATA,0
002C   00A0           00065         movwf R1
MPASM 5.66                           FIB.ASM   2-25-2016  13:55:45         PAGE  3


LOC  OBJECT CODE     LINE SOURCE TEXT
  VALUE

Warning[202]: Argument out of range.  Least significant bits used.
002D   0B22           00066         decfsz R3,R3
Warning[203]: Found opcode in column 1. (goto)
002E   2???           00067 goto cycle
Warning[205]: Found directive in column 1. (end)
                      00068 end
MPASM 5.66                           FIB.ASM   2-25-2016  13:55:45         PAGE  4


SYMBOL TABLE
  LABEL                             VALUE 

C                                 00000000
DC                                00000001
EEADR                             00000009
EECON1                            00000088
EECON2                            00000089
EEDATA                            00000008
EEIE                              00000006
EEIF                              00000004
EEPROM_READ                       0000000F
EEPROM_WRITE                      00000001
F                                 00000001
FSR                               00000004
GIE                               00000007
INDF                              00000000
INTCON                            0000000B
INTE                              00000004
INTEDG                            00000006
INTF                              00000001
IRP                               00000007
NOT_PD                            00000003
NOT_RBPU                          00000007
NOT_TO                            00000004
OPTION_REG                        00000081
PCL                               00000002
PCLATH                            0000000A
PORTA                             00000005
PORTB                             00000006
PS0                               00000000
PS1                               00000001
PS2                               00000002
PSA                               00000003
R1                                00000020
R2                                00000021
R3                                00000022
R4                                00000023
RA0                               00000000
RA1                               00000001
RA2                               00000002
RA3                               00000003
RA4                               00000004
RB0                               00000000
RB1                               00000001
RB2                               00000002
RB3                               00000003
RB4                               00000004
RB5                               00000005
RB6                               00000006
RB7                               00000007
RBIE                              00000003
RBIF                              00000000
RD                                00000000
RP0                               00000005
RP1                               00000006
MPASM 5.66                           FIB.ASM   2-25-2016  13:55:45         PAGE  5


SYMBOL TABLE
  LABEL                             VALUE 

STATUS                            00000003
Start                             00000013
T0CS                              00000005
T0IE                              00000005
T0IF                              00000002
T0SE                              00000004
TMR0                              00000001
TMR0IE                            00000005
TMR0IF                            00000002
TRISA                             00000085
TRISA0                            00000000
TRISA1                            00000001
TRISA2                            00000002
TRISA3                            00000003
TRISA4                            00000004
TRISB                             00000086
TRISB0                            00000000
TRISB1                            00000001
TRISB2                            00000002
TRISB3                            00000003
TRISB4                            00000004
TRISB5                            00000005
TRISB6                            00000006
TRISB7                            00000007
W                                 00000000
WR                                00000001
WREN                              00000002
WRERR                             00000003
Z                                 00000002
_.org_1_000A                      0000000A
_CONFIG                           00002007
_CP_OFF                           00003FFF
_CP_ON                            0000000F
_FOSC_EXTRC                       00003FFF
_FOSC_HS                          00003FFE
_FOSC_LP                          00003FFC
_FOSC_XT                          00003FFD
_HS_OSC                           00003FFE
_IDLOC0                           00002000
_IDLOC1                           00002001
_IDLOC2                           00002002
_IDLOC3                           00002003
_LP_OSC                           00003FFC
_PWRTE_OFF                        00003FFF
_PWRTE_ON                         00003FF7
_RC_OSC                           00003FFF
_WDTE_OFF                         00003FFB
_WDTE_ON                          00003FFF
_WDT_OFF                          00003FFB
_WDT_ON                           00003FFF
_XT_OSC                           00003FFD
__16F84                           00000001
cycle                             00000022
MPASM 5.66                           FIB.ASM   2-25-2016  13:55:45         PAGE  6






Errors   :     0
Warnings :    27 reported,     0 suppressed
Messages :     7 reported,     0 suppressed

