SetActiveLib -work
comp -include "$dsn\src\Max\MaxFinder.vhd" 
# Compile...
# Warning: DAGGEN_0523: The source is compiled without the -dbg switch. Line breakpoints, code coverage, and assertion debug will not be available.
# File: C:\My_Designs\POCP\POCP-7\src\Max\MaxFinder.vhd
# Compile Entity "MaxFinder"
# Compile Architecture "Beh" of Entity "MaxFinder"
# Compile success 0 Errors 0 Warnings  Analysis time :  0.0 [ms]
comp -include "$dsn\src\TestBenches\max_finder_T.vhd" 
# Compile...
# Warning: DAGGEN_0523: The source is compiled without the -dbg switch. Line breakpoints, code coverage, and assertion debug will not be available.
# File: C:\My_Designs\POCP\POCP-7\src\TestBenches\max_finder_T.vhd
# Compile Entity "max_finder_t"
# Compile Architecture "Beh" of Entity "max_finder_t"
# Compile Configuration "config"
# Compile success 0 Errors 0 Warnings  Analysis time :  62.0 [ms]

asim +access +r config
#  Simulation has been stopped
# ELBREAD: Elaboration process.
# ELBREAD: Elaboration time 0.0 [s].
# asim: Stack memory: 32MB
# asim: Retval memory: 32MB
# KERNEL: Main thread initiated.
# KERNEL: Kernel process initialization phase.
# KERNEL: Time resolution set to 1ps.
# ELAB2: Elaboration final pass...
# ELAB2: Create instances ...
# ELAB2: Create instances complete.
# SLP: Started
# SLP: Elaboration phase ...
# SLP: Elaboration phase ... skipped, nothing to simulate in SLP mode : 0.0 [s]
# SLP: Finished : 0.0 [s]
# ELAB2: Elaboration final pass complete - time: 0.0 [s].
# KERNEL: Kernel process initialization done.
# Allocation: Simulator allocated 6158 kB (elbread=1023 elab2=5043 kernel=91 sdf=0)
# KERNEL: ASDB file was created in location C:\My_Designs\POCP\POCP-7\src\wave.asdb
#  20:06, 24 но€бр€ 2016 г.
#  Simulation has been initialized
#  Selected Top-Level: config
# 
# #
# # invoke Waveform Viewer window, wave -noregs to Waveform
# #
wave
wave -noreg rom_re
# No signals matching
wave -noreg rom_adr
# No signals matching
wave -noreg rom_dout
# No signals matching
wave -noreg ram_rw
# No signals matching
wave -noreg ram_adr
# No signals matching
wave -noreg ram_din
# No signals matching
wave -noreg ram_dout
# No signals matching
wave -noreg dp_op1
# No signals matching
wave -noreg dp_ot
# No signals matching
wave -noreg dp_en
# No signals matching
wave -noreg dp_res
# No signals matching
wave -noreg dp_zf
# No signals matching
wave -noreg dp_sbf
# No signals matching
# 
# #
# #
# #
run 1500ns
# KERNEL: WARNING: CONV_INTEGER: There is an 'U'|'X'|'W'|'Z'|'-' in an arithmetic operand, and it has been converted to 0.
# KERNEL: Time: 0 ps,  Iteration: 0,  Instance: /max_finder_t/UMAXFINDER/UMRAM,  Process: line__39.
# KERNEL: WARNING: CONV_INTEGER: There is an 'U'|'X'|'W'|'Z'|'-' in an arithmetic operand, and it has been converted to 0.
# KERNEL: Time: 0 ps,  Iteration: 0,  Instance: /max_finder_t/UMAXFINDER/UMROM,  Process: line__53.
# KERNEL: WARNING: CONV_INTEGER: There is an 'U'|'X'|'W'|'Z'|'-' in an arithmetic operand, and it has been converted to 0.
# KERNEL: Time: 0 ps,  Iteration: 0,  Instance: /max_finder_t/UMAXFINDER/UDPATH,  Process: line__31.
# KERNEL: WARNING: CONV_INTEGER: There is an 'U'|'X'|'W'|'Z'|'-' in an arithmetic operand, and it has been converted to 0.
# KERNEL: Time: 0 ps,  Iteration: 0,  Instance: /max_finder_t/UMAXFINDER/UDPATH,  Process: line__31.
# KERNEL: WARNING: CONV_INTEGER: There is an 'U'|'X'|'W'|'Z'|'-' in an arithmetic operand, and it has been converted to 0.
# KERNEL: Time: 0 ps,  Iteration: 0,  Instance: /max_finder_t/UMAXFINDER/UDPATH,  Process: line__32.
# KERNEL: WARNING: CONV_INTEGER: There is an 'U'|'X'|'W'|'Z'|'-' in an arithmetic operand, and it has been converted to 0.
# KERNEL: Time: 0 ps,  Iteration: 0,  Instance: /max_finder_t/UMAXFINDER/UDPATH,  Process: line__32.
# KERNEL: WARNING: There is an 'U'|'X'|'W'|'Z'|'-' in an arithmetic operand, the result will be 'X'(es).
# KERNEL: Time: 0 ps,  Iteration: 0,  Instance: /max_finder_t/UMAXFINDER/UDPATH,  Process: FLAGS.
# KERNEL: WARNING: CONV_INTEGER: There is an 'U'|'X'|'W'|'Z'|'-' in an arithmetic operand, and it has been converted to 0.
# KERNEL: Time: 35 ns,  Iteration: 4,  Instance: /max_finder_t/UMAXFINDER/UDPATH,  Process: line__31.
# KERNEL: WARNING: CONV_INTEGER: There is an 'U'|'X'|'W'|'Z'|'-' in an arithmetic operand, and it has been converted to 0.
# KERNEL: Time: 35 ns,  Iteration: 4,  Instance: /max_finder_t/UMAXFINDER/UDPATH,  Process: line__32.
# KERNEL: stopped at time: 1500 ns
#  Simulation has been stopped
